{"/media/yannick/971c2f08-d6ef-40aa-86cd-2db02962e9f5/Projects/thunderbird/QuickFilter/src/utils/dom.js": {"path":"/media/yannick/971c2f08-d6ef-40aa-86cd-2db02962e9f5/Projects/thunderbird/QuickFilter/src/utils/dom.js","statementMap":{"0":{"start":{"line":24,"column":20},"end":{"line":24,"column":24}},"1":{"start":{"line":31,"column":25},"end":{"line":31,"column":34}},"2":{"start":{"line":38,"column":25},"end":{"line":38,"column":34}},"3":{"start":{"line":61,"column":6},"end":{"line":61,"column":13}},"4":{"start":{"line":63,"column":20},"end":{"line":63,"column":30}},"5":{"start":{"line":65,"column":2},"end":{"line":84,"column":3}},"6":{"start":{"line":65,"column":21},"end":{"line":65,"column":22}},"7":{"start":{"line":66,"column":4},"end":{"line":83,"column":5}},"8":{"start":{"line":67,"column":22},"end":{"line":67,"column":61}},"9":{"start":{"line":68,"column":6},"end":{"line":71,"column":7}},"10":{"start":{"line":69,"column":8},"end":{"line":69,"column":80}},"11":{"start":{"line":70,"column":8},"end":{"line":70,"column":23}},"12":{"start":{"line":74,"column":6},"end":{"line":77,"column":7}},"13":{"start":{"line":75,"column":8},"end":{"line":75,"column":64}},"14":{"start":{"line":76,"column":8},"end":{"line":76,"column":20}},"15":{"start":{"line":80,"column":6},"end":{"line":80,"column":68}},"16":{"start":{"line":80,"column":35},"end":{"line":80,"column":66}},"17":{"start":{"line":82,"column":6},"end":{"line":82,"column":95}},"18":{"start":{"line":86,"column":2},"end":{"line":86,"column":82}},"19":{"start":{"line":87,"column":2},"end":{"line":87,"column":14}},"20":{"start":{"line":98,"column":2},"end":{"line":103,"column":3}},"21":{"start":{"line":99,"column":4},"end":{"line":99,"column":54}},"22":{"start":{"line":101,"column":4},"end":{"line":101,"column":68}},"23":{"start":{"line":102,"column":4},"end":{"line":102,"column":14}},"24":{"start":{"line":118,"column":2},"end":{"line":169,"column":3}},"25":{"start":{"line":120,"column":4},"end":{"line":122,"column":5}},"26":{"start":{"line":121,"column":6},"end":{"line":121,"column":27}},"27":{"start":{"line":124,"column":4},"end":{"line":124,"column":53}},"28":{"start":{"line":127,"column":23},"end":{"line":127,"column":40}},"29":{"start":{"line":128,"column":4},"end":{"line":132,"column":5}},"30":{"start":{"line":129,"column":6},"end":{"line":129,"column":53}},"31":{"start":{"line":130,"column":6},"end":{"line":130,"column":92}},"32":{"start":{"line":131,"column":6},"end":{"line":131,"column":27}},"33":{"start":{"line":135,"column":20},"end":{"line":135,"column":57}},"34":{"start":{"line":136,"column":20},"end":{"line":141,"column":5}},"35":{"start":{"line":144,"column":4},"end":{"line":160,"column":7}},"36":{"start":{"line":145,"column":25},"end":{"line":145,"column":47}},"37":{"start":{"line":146,"column":6},"end":{"line":159,"column":9}},"38":{"start":{"line":148,"column":8},"end":{"line":158,"column":9}},"39":{"start":{"line":150,"column":10},"end":{"line":157,"column":11}},"40":{"start":{"line":151,"column":12},"end":{"line":151,"column":40}},"41":{"start":{"line":152,"column":17},"end":{"line":157,"column":11}},"42":{"start":{"line":153,"column":12},"end":{"line":153,"column":42}},"43":{"start":{"line":154,"column":17},"end":{"line":157,"column":11}},"44":{"start":{"line":155,"column":12},"end":{"line":155,"column":39}},"45":{"start":{"line":156,"column":12},"end":{"line":156,"column":46}},"46":{"start":{"line":162,"column":4},"end":{"line":162,"column":28}},"47":{"start":{"line":163,"column":4},"end":{"line":163,"column":61}},"48":{"start":{"line":164,"column":4},"end":{"line":164,"column":19}},"49":{"start":{"line":166,"column":4},"end":{"line":166,"column":61}},"50":{"start":{"line":167,"column":4},"end":{"line":167,"column":90}},"51":{"start":{"line":168,"column":4},"end":{"line":168,"column":25}},"52":{"start":{"line":179,"column":2},"end":{"line":179,"column":32}},"53":{"start":{"line":179,"column":20},"end":{"line":179,"column":32}},"54":{"start":{"line":181,"column":14},"end":{"line":181,"column":39}},"55":{"start":{"line":183,"column":2},"end":{"line":191,"column":3}},"56":{"start":{"line":184,"column":4},"end":{"line":184,"column":21}},"57":{"start":{"line":185,"column":9},"end":{"line":191,"column":3}},"58":{"start":{"line":186,"column":4},"end":{"line":186,"column":23}},"59":{"start":{"line":187,"column":9},"end":{"line":191,"column":3}},"60":{"start":{"line":188,"column":4},"end":{"line":188,"column":20}},"61":{"start":{"line":189,"column":9},"end":{"line":191,"column":3}},"62":{"start":{"line":190,"column":4},"end":{"line":190,"column":27}},"63":{"start":{"line":193,"column":2},"end":{"line":193,"column":14}},"64":{"start":{"line":202,"column":2},"end":{"line":202,"column":23}},"65":{"start":{"line":210,"column":2},"end":{"line":210,"column":45}},"66":{"start":{"line":211,"column":2},"end":{"line":211,"column":23}},"67":{"start":{"line":221,"column":2},"end":{"line":221,"column":21}},"68":{"start":{"line":222,"column":2},"end":{"line":222,"column":33}},"69":{"start":{"line":235,"column":2},"end":{"line":235,"column":77}},"70":{"start":{"line":248,"column":13},"end":{"line":248,"column":33}},"71":{"start":{"line":250,"column":2},"end":{"line":258,"column":3}},"72":{"start":{"line":251,"column":4},"end":{"line":251,"column":53}},"73":{"start":{"line":252,"column":4},"end":{"line":252,"column":66}},"74":{"start":{"line":253,"column":4},"end":{"line":253,"column":51}},"75":{"start":{"line":254,"column":4},"end":{"line":254,"column":14}},"76":{"start":{"line":256,"column":4},"end":{"line":256,"column":63}},"77":{"start":{"line":257,"column":4},"end":{"line":257,"column":16}},"78":{"start":{"line":268,"column":16},"end":{"line":268,"column":40}},"79":{"start":{"line":269,"column":2},"end":{"line":272,"column":3}},"80":{"start":{"line":270,"column":4},"end":{"line":270,"column":50}},"81":{"start":{"line":271,"column":4},"end":{"line":271,"column":17}},"82":{"start":{"line":274,"column":2},"end":{"line":282,"column":3}},"83":{"start":{"line":275,"column":4},"end":{"line":275,"column":80}},"84":{"start":{"line":276,"column":4},"end":{"line":276,"column":32}},"85":{"start":{"line":277,"column":4},"end":{"line":277,"column":47}},"86":{"start":{"line":278,"column":4},"end":{"line":278,"column":16}},"87":{"start":{"line":280,"column":4},"end":{"line":280,"column":63}},"88":{"start":{"line":281,"column":4},"end":{"line":281,"column":17}},"89":{"start":{"line":290,"column":2},"end":{"line":290,"column":70}},"90":{"start":{"line":292,"column":2},"end":{"line":298,"column":5}},"91":{"start":{"line":293,"column":4},"end":{"line":297,"column":5}},"92":{"start":{"line":294,"column":6},"end":{"line":294,"column":82}},"93":{"start":{"line":296,"column":6},"end":{"line":296,"column":65}},"94":{"start":{"line":300,"column":2},"end":{"line":300,"column":27}},"95":{"start":{"line":301,"column":2},"end":{"line":301,"column":45}},"96":{"start":{"line":310,"column":2},"end":{"line":310,"column":31}},"97":{"start":{"line":329,"column":26},"end":{"line":333,"column":3}},"98":{"start":{"line":335,"column":2},"end":{"line":344,"column":3}},"99":{"start":{"line":336,"column":21},"end":{"line":336,"column":51}},"100":{"start":{"line":337,"column":4},"end":{"line":337,"column":46}},"101":{"start":{"line":338,"column":4},"end":{"line":338,"column":35}},"102":{"start":{"line":339,"column":4},"end":{"line":339,"column":50}},"103":{"start":{"line":340,"column":4},"end":{"line":340,"column":20}},"104":{"start":{"line":342,"column":4},"end":{"line":342,"column":67}},"105":{"start":{"line":343,"column":4},"end":{"line":343,"column":16}},"106":{"start":{"line":351,"column":2},"end":{"line":351,"column":75}},"107":{"start":{"line":353,"column":2},"end":{"line":359,"column":5}},"108":{"start":{"line":354,"column":4},"end":{"line":358,"column":5}},"109":{"start":{"line":355,"column":6},"end":{"line":355,"column":28}},"110":{"start":{"line":357,"column":6},"end":{"line":357,"column":66}},"111":{"start":{"line":361,"column":2},"end":{"line":361,"column":27}},"112":{"start":{"line":362,"column":2},"end":{"line":362,"column":50}},"113":{"start":{"line":375,"column":2},"end":{"line":378,"column":4}},"114":{"start":{"line":376,"column":4},"end":{"line":376,"column":28}},"115":{"start":{"line":377,"column":4},"end":{"line":377,"column":64}},"116":{"start":{"line":377,"column":33},"end":{"line":377,"column":55}},"117":{"start":{"line":394,"column":2},"end":{"line":439,"column":3}},"118":{"start":{"line":395,"column":23},"end":{"line":395,"column":40}},"119":{"start":{"line":396,"column":4},"end":{"line":399,"column":5}},"120":{"start":{"line":397,"column":6},"end":{"line":397,"column":82}},"121":{"start":{"line":398,"column":6},"end":{"line":398,"column":18}},"122":{"start":{"line":402,"column":30},"end":{"line":406,"column":11}},"123":{"start":{"line":403,"column":6},"end":{"line":403,"column":51}},"124":{"start":{"line":404,"column":6},"end":{"line":404,"column":33}},"125":{"start":{"line":405,"column":6},"end":{"line":405,"column":31}},"126":{"start":{"line":405,"column":20},"end":{"line":405,"column":31}},"127":{"start":{"line":409,"column":21},"end":{"line":424,"column":6}},"128":{"start":{"line":411,"column":29},"end":{"line":419,"column":8}},"129":{"start":{"line":412,"column":8},"end":{"line":418,"column":10}},"130":{"start":{"line":413,"column":10},"end":{"line":414,"column":89}},"131":{"start":{"line":416,"column":10},"end":{"line":417,"column":89}},"132":{"start":{"line":421,"column":6},"end":{"line":423,"column":7}},"133":{"start":{"line":422,"column":8},"end":{"line":422,"column":28}},"134":{"start":{"line":427,"column":4},"end":{"line":431,"column":7}},"135":{"start":{"line":433,"column":4},"end":{"line":433,"column":35}},"136":{"start":{"line":434,"column":4},"end":{"line":434,"column":56}},"137":{"start":{"line":435,"column":4},"end":{"line":435,"column":20}},"138":{"start":{"line":437,"column":4},"end":{"line":437,"column":66}},"139":{"start":{"line":438,"column":4},"end":{"line":438,"column":16}},"140":{"start":{"line":451,"column":28},"end":{"line":455,"column":9}},"141":{"start":{"line":452,"column":4},"end":{"line":452,"column":49}},"142":{"start":{"line":453,"column":4},"end":{"line":453,"column":31}},"143":{"start":{"line":454,"column":4},"end":{"line":454,"column":29}},"144":{"start":{"line":454,"column":18},"end":{"line":454,"column":29}},"145":{"start":{"line":458,"column":25},"end":{"line":458,"column":50}},"146":{"start":{"line":458,"column":31},"end":{"line":458,"column":50}},"147":{"start":{"line":459,"column":2},"end":{"line":459,"column":52}},"148":{"start":{"line":460,"column":19},"end":{"line":460,"column":64}},"149":{"start":{"line":463,"column":22},"end":{"line":463,"column":26}},"150":{"start":{"line":464,"column":2},"end":{"line":474,"column":3}},"151":{"start":{"line":465,"column":26},"end":{"line":465,"column":75}},"152":{"start":{"line":466,"column":30},"end":{"line":466,"column":55}},"153":{"start":{"line":466,"column":36},"end":{"line":466,"column":55}},"154":{"start":{"line":468,"column":4},"end":{"line":473,"column":5}},"155":{"start":{"line":469,"column":6},"end":{"line":469,"column":66}},"156":{"start":{"line":470,"column":6},"end":{"line":472,"column":8}},"157":{"start":{"line":471,"column":22},"end":{"line":471,"column":84}},"158":{"start":{"line":476,"column":2},"end":{"line":476,"column":54}},"159":{"start":{"line":478,"column":2},"end":{"line":484,"column":4}},"160":{"start":{"line":480,"column":6},"end":{"line":480,"column":45}},"161":{"start":{"line":480,"column":20},"end":{"line":480,"column":45}},"162":{"start":{"line":481,"column":6},"end":{"line":481,"column":48}},"163":{"start":{"line":481,"column":25},"end":{"line":481,"column":48}},"164":{"start":{"line":482,"column":6},"end":{"line":482,"column":58}},"165":{"start":{"line":496,"column":2},"end":{"line":496,"column":50}},"166":{"start":{"line":499,"column":2},"end":{"line":499,"column":23}},"167":{"start":{"line":502,"column":2},"end":{"line":502,"column":27}},"168":{"start":{"line":505,"column":2},"end":{"line":505,"column":21}},"169":{"start":{"line":507,"column":2},"end":{"line":507,"column":40}},"170":{"start":{"line":515,"column":12},"end":{"line":544,"column":1}},"171":{"start":{"line":547,"column":0},"end":{"line":549,"column":1}},"172":{"start":{"line":548,"column":2},"end":{"line":548,"column":23}},"173":{"start":{"line":552,"column":0},"end":{"line":554,"column":1}},"174":{"start":{"line":553,"column":2},"end":{"line":553,"column":32}}},"fnMap":{"0":{"name":"findElement","decl":{"start":{"line":56,"column":15},"end":{"line":56,"column":26}},"loc":{"start":{"line":56,"column":59},"end":{"line":88,"column":1}},"line":56},"1":{"name":"(anonymous_1)","decl":{"start":{"line":80,"column":24},"end":{"line":80,"column":25}},"loc":{"start":{"line":80,"column":35},"end":{"line":80,"column":66}},"line":80},"2":{"name":"findElements","decl":{"start":{"line":97,"column":9},"end":{"line":97,"column":21}},"loc":{"start":{"line":97,"column":40},"end":{"line":104,"column":1}},"line":97},"3":{"name":"discoverColumns","decl":{"start":{"line":117,"column":15},"end":{"line":117,"column":30}},"loc":{"start":{"line":117,"column":39},"end":{"line":170,"column":1}},"line":117},"4":{"name":"(anonymous_4)","decl":{"start":{"line":144,"column":20},"end":{"line":144,"column":21}},"loc":{"start":{"line":144,"column":30},"end":{"line":160,"column":5}},"line":144},"5":{"name":"(anonymous_5)","decl":{"start":{"line":146,"column":25},"end":{"line":146,"column":26}},"loc":{"start":{"line":146,"column":38},"end":{"line":159,"column":7}},"line":146},"6":{"name":"getColumnType","decl":{"start":{"line":178,"column":9},"end":{"line":178,"column":22}},"loc":{"start":{"line":178,"column":36},"end":{"line":194,"column":1}},"line":178},"7":{"name":"getColumnMapping","decl":{"start":{"line":201,"column":9},"end":{"line":201,"column":25}},"loc":{"start":{"line":201,"column":28},"end":{"line":203,"column":1}},"line":201},"8":{"name":"clearColumnCache","decl":{"start":{"line":209,"column":9},"end":{"line":209,"column":25}},"loc":{"start":{"line":209,"column":28},"end":{"line":212,"column":1}},"line":209},"9":{"name":"refreshColumnCache","decl":{"start":{"line":220,"column":15},"end":{"line":220,"column":33}},"loc":{"start":{"line":220,"column":42},"end":{"line":223,"column":1}},"line":220},"10":{"name":"generateListenerId","decl":{"start":{"line":234,"column":9},"end":{"line":234,"column":27}},"loc":{"start":{"line":234,"column":30},"end":{"line":236,"column":1}},"line":234},"11":{"name":"addListener","decl":{"start":{"line":247,"column":9},"end":{"line":247,"column":20}},"loc":{"start":{"line":247,"column":54},"end":{"line":259,"column":1}},"line":247},"12":{"name":"removeListener","decl":{"start":{"line":267,"column":9},"end":{"line":267,"column":23}},"loc":{"start":{"line":267,"column":28},"end":{"line":283,"column":1}},"line":267},"13":{"name":"removeAllListeners","decl":{"start":{"line":289,"column":9},"end":{"line":289,"column":27}},"loc":{"start":{"line":289,"column":30},"end":{"line":302,"column":1}},"line":289},"14":{"name":"(anonymous_14)","decl":{"start":{"line":292,"column":27},"end":{"line":292,"column":28}},"loc":{"start":{"line":292,"column":42},"end":{"line":298,"column":3}},"line":292},"15":{"name":"getListenerCount","decl":{"start":{"line":309,"column":9},"end":{"line":309,"column":25}},"loc":{"start":{"line":309,"column":28},"end":{"line":311,"column":1}},"line":309},"16":{"name":"createObserver","decl":{"start":{"line":328,"column":9},"end":{"line":328,"column":23}},"loc":{"start":{"line":328,"column":56},"end":{"line":345,"column":1}},"line":328},"17":{"name":"disconnectAllObservers","decl":{"start":{"line":350,"column":9},"end":{"line":350,"column":31}},"loc":{"start":{"line":350,"column":34},"end":{"line":363,"column":1}},"line":350},"18":{"name":"(anonymous_18)","decl":{"start":{"line":353,"column":27},"end":{"line":353,"column":28}},"loc":{"start":{"line":353,"column":39},"end":{"line":359,"column":3}},"line":353},"19":{"name":"debounce","decl":{"start":{"line":372,"column":9},"end":{"line":372,"column":17}},"loc":{"start":{"line":372,"column":31},"end":{"line":379,"column":1}},"line":372},"20":{"name":"(anonymous_20)","decl":{"start":{"line":375,"column":9},"end":{"line":375,"column":10}},"loc":{"start":{"line":375,"column":27},"end":{"line":378,"column":3}},"line":375},"21":{"name":"(anonymous_21)","decl":{"start":{"line":377,"column":27},"end":{"line":377,"column":28}},"loc":{"start":{"line":377,"column":33},"end":{"line":377,"column":55}},"line":377},"22":{"name":"observeColumnChanges","decl":{"start":{"line":393,"column":9},"end":{"line":393,"column":29}},"loc":{"start":{"line":393,"column":48},"end":{"line":440,"column":1}},"line":393},"23":{"name":"(anonymous_23)","decl":{"start":{"line":402,"column":39},"end":{"line":402,"column":40}},"loc":{"start":{"line":402,"column":45},"end":{"line":406,"column":5}},"line":402},"24":{"name":"(anonymous_24)","decl":{"start":{"line":409,"column":42},"end":{"line":409,"column":43}},"loc":{"start":{"line":409,"column":55},"end":{"line":424,"column":5}},"line":409},"25":{"name":"(anonymous_25)","decl":{"start":{"line":411,"column":44},"end":{"line":411,"column":45}},"loc":{"start":{"line":411,"column":56},"end":{"line":419,"column":7}},"line":411},"26":{"name":"(anonymous_26)","decl":{"start":{"line":412,"column":52},"end":{"line":412,"column":53}},"loc":{"start":{"line":413,"column":10},"end":{"line":414,"column":89}},"line":413},"27":{"name":"(anonymous_27)","decl":{"start":{"line":415,"column":52},"end":{"line":415,"column":53}},"loc":{"start":{"line":416,"column":10},"end":{"line":417,"column":89}},"line":416},"28":{"name":"observeLayoutChanges","decl":{"start":{"line":450,"column":9},"end":{"line":450,"column":29}},"loc":{"start":{"line":450,"column":48},"end":{"line":485,"column":1}},"line":450},"29":{"name":"(anonymous_29)","decl":{"start":{"line":451,"column":37},"end":{"line":451,"column":38}},"loc":{"start":{"line":451,"column":43},"end":{"line":455,"column":3}},"line":451},"30":{"name":"(anonymous_30)","decl":{"start":{"line":458,"column":25},"end":{"line":458,"column":26}},"loc":{"start":{"line":458,"column":31},"end":{"line":458,"column":50}},"line":458},"31":{"name":"(anonymous_31)","decl":{"start":{"line":466,"column":30},"end":{"line":466,"column":31}},"loc":{"start":{"line":466,"column":36},"end":{"line":466,"column":55}},"line":466},"32":{"name":"(anonymous_32)","decl":{"start":{"line":471,"column":16},"end":{"line":471,"column":17}},"loc":{"start":{"line":471,"column":22},"end":{"line":471,"column":84}},"line":471},"33":{"name":"(anonymous_33)","decl":{"start":{"line":479,"column":13},"end":{"line":479,"column":14}},"loc":{"start":{"line":479,"column":19},"end":{"line":483,"column":5}},"line":479},"34":{"name":"cleanup","decl":{"start":{"line":495,"column":9},"end":{"line":495,"column":16}},"loc":{"start":{"line":495,"column":19},"end":{"line":508,"column":1}},"line":495}},"branchMap":{"0":{"loc":{"start":{"line":56,"column":45},"end":{"line":56,"column":57}},"type":"default-arg","locations":[{"start":{"line":56,"column":55},"end":{"line":56,"column":57}}],"line":56},"1":{"loc":{"start":{"line":58,"column":4},"end":{"line":58,"column":18}},"type":"default-arg","locations":[{"start":{"line":58,"column":17},"end":{"line":58,"column":18}}],"line":58},"2":{"loc":{"start":{"line":59,"column":4},"end":{"line":59,"column":20}},"type":"default-arg","locations":[{"start":{"line":59,"column":17},"end":{"line":59,"column":20}}],"line":59},"3":{"loc":{"start":{"line":60,"column":4},"end":{"line":60,"column":18}},"type":"default-arg","locations":[{"start":{"line":60,"column":14},"end":{"line":60,"column":18}}],"line":60},"4":{"loc":{"start":{"line":68,"column":6},"end":{"line":71,"column":7}},"type":"if","locations":[{"start":{"line":68,"column":6},"end":{"line":71,"column":7}},{"start":{},"end":{}}],"line":68},"5":{"loc":{"start":{"line":74,"column":6},"end":{"line":77,"column":7}},"type":"if","locations":[{"start":{"line":74,"column":6},"end":{"line":77,"column":7}},{"start":{},"end":{}}],"line":74},"6":{"loc":{"start":{"line":120,"column":4},"end":{"line":122,"column":5}},"type":"if","locations":[{"start":{"line":120,"column":4},"end":{"line":122,"column":5}},{"start":{},"end":{}}],"line":120},"7":{"loc":{"start":{"line":128,"column":4},"end":{"line":132,"column":5}},"type":"if","locations":[{"start":{"line":128,"column":4},"end":{"line":132,"column":5}},{"start":{},"end":{}}],"line":128},"8":{"loc":{"start":{"line":145,"column":25},"end":{"line":145,"column":47}},"type":"binary-expr","locations":[{"start":{"line":145,"column":25},"end":{"line":145,"column":41}},{"start":{"line":145,"column":45},"end":{"line":145,"column":47}}],"line":145},"9":{"loc":{"start":{"line":148,"column":8},"end":{"line":158,"column":9}},"type":"if","locations":[{"start":{"line":148,"column":8},"end":{"line":158,"column":9}},{"start":{},"end":{}}],"line":148},"10":{"loc":{"start":{"line":150,"column":10},"end":{"line":157,"column":11}},"type":"if","locations":[{"start":{"line":150,"column":10},"end":{"line":157,"column":11}},{"start":{"line":152,"column":17},"end":{"line":157,"column":11}}],"line":150},"11":{"loc":{"start":{"line":152,"column":17},"end":{"line":157,"column":11}},"type":"if","locations":[{"start":{"line":152,"column":17},"end":{"line":157,"column":11}},{"start":{"line":154,"column":17},"end":{"line":157,"column":11}}],"line":152},"12":{"loc":{"start":{"line":154,"column":17},"end":{"line":157,"column":11}},"type":"if","locations":[{"start":{"line":154,"column":17},"end":{"line":157,"column":11}},{"start":{},"end":{}}],"line":154},"13":{"loc":{"start":{"line":154,"column":21},"end":{"line":154,"column":88}},"type":"binary-expr","locations":[{"start":{"line":154,"column":21},"end":{"line":154,"column":49}},{"start":{"line":154,"column":53},"end":{"line":154,"column":88}}],"line":154},"14":{"loc":{"start":{"line":179,"column":2},"end":{"line":179,"column":32}},"type":"if","locations":[{"start":{"line":179,"column":2},"end":{"line":179,"column":32}},{"start":{},"end":{}}],"line":179},"15":{"loc":{"start":{"line":183,"column":2},"end":{"line":191,"column":3}},"type":"if","locations":[{"start":{"line":183,"column":2},"end":{"line":191,"column":3}},{"start":{"line":185,"column":9},"end":{"line":191,"column":3}}],"line":183},"16":{"loc":{"start":{"line":185,"column":9},"end":{"line":191,"column":3}},"type":"if","locations":[{"start":{"line":185,"column":9},"end":{"line":191,"column":3}},{"start":{"line":187,"column":9},"end":{"line":191,"column":3}}],"line":185},"17":{"loc":{"start":{"line":187,"column":9},"end":{"line":191,"column":3}},"type":"if","locations":[{"start":{"line":187,"column":9},"end":{"line":191,"column":3}},{"start":{"line":189,"column":9},"end":{"line":191,"column":3}}],"line":187},"18":{"loc":{"start":{"line":189,"column":9},"end":{"line":191,"column":3}},"type":"if","locations":[{"start":{"line":189,"column":9},"end":{"line":191,"column":3}},{"start":{},"end":{}}],"line":189},"19":{"loc":{"start":{"line":269,"column":2},"end":{"line":272,"column":3}},"type":"if","locations":[{"start":{"line":269,"column":2},"end":{"line":272,"column":3}},{"start":{},"end":{}}],"line":269},"20":{"loc":{"start":{"line":328,"column":42},"end":{"line":328,"column":54}},"type":"default-arg","locations":[{"start":{"line":328,"column":52},"end":{"line":328,"column":54}}],"line":328},"21":{"loc":{"start":{"line":396,"column":4},"end":{"line":399,"column":5}},"type":"if","locations":[{"start":{"line":396,"column":4},"end":{"line":399,"column":5}},{"start":{},"end":{}}],"line":396},"22":{"loc":{"start":{"line":396,"column":8},"end":{"line":396,"column":44}},"type":"binary-expr","locations":[{"start":{"line":396,"column":8},"end":{"line":396,"column":19}},{"start":{"line":396,"column":23},"end":{"line":396,"column":44}}],"line":396},"23":{"loc":{"start":{"line":405,"column":6},"end":{"line":405,"column":31}},"type":"if","locations":[{"start":{"line":405,"column":6},"end":{"line":405,"column":31}},{"start":{},"end":{}}],"line":405},"24":{"loc":{"start":{"line":412,"column":15},"end":{"line":418,"column":9}},"type":"binary-expr","locations":[{"start":{"line":412,"column":15},"end":{"line":415,"column":9}},{"start":{"line":415,"column":13},"end":{"line":418,"column":9}}],"line":412},"25":{"loc":{"start":{"line":413,"column":10},"end":{"line":414,"column":89}},"type":"binary-expr","locations":[{"start":{"line":413,"column":10},"end":{"line":413,"column":45}},{"start":{"line":414,"column":11},"end":{"line":414,"column":49}},{"start":{"line":414,"column":53},"end":{"line":414,"column":88}}],"line":413},"26":{"loc":{"start":{"line":416,"column":10},"end":{"line":417,"column":89}},"type":"binary-expr","locations":[{"start":{"line":416,"column":10},"end":{"line":416,"column":45}},{"start":{"line":417,"column":11},"end":{"line":417,"column":49}},{"start":{"line":417,"column":53},"end":{"line":417,"column":88}}],"line":416},"27":{"loc":{"start":{"line":421,"column":6},"end":{"line":423,"column":7}},"type":"if","locations":[{"start":{"line":421,"column":6},"end":{"line":423,"column":7}},{"start":{},"end":{}}],"line":421},"28":{"loc":{"start":{"line":454,"column":4},"end":{"line":454,"column":29}},"type":"if","locations":[{"start":{"line":454,"column":4},"end":{"line":454,"column":29}},{"start":{},"end":{}}],"line":454},"29":{"loc":{"start":{"line":464,"column":2},"end":{"line":474,"column":3}},"type":"if","locations":[{"start":{"line":464,"column":2},"end":{"line":474,"column":3}},{"start":{},"end":{}}],"line":464},"30":{"loc":{"start":{"line":468,"column":4},"end":{"line":473,"column":5}},"type":"if","locations":[{"start":{"line":468,"column":4},"end":{"line":473,"column":5}},{"start":{},"end":{}}],"line":468},"31":{"loc":{"start":{"line":480,"column":6},"end":{"line":480,"column":45}},"type":"if","locations":[{"start":{"line":480,"column":6},"end":{"line":480,"column":45}},{"start":{},"end":{}}],"line":480},"32":{"loc":{"start":{"line":481,"column":6},"end":{"line":481,"column":48}},"type":"if","locations":[{"start":{"line":481,"column":6},"end":{"line":481,"column":48}},{"start":{},"end":{}}],"line":481},"33":{"loc":{"start":{"line":547,"column":0},"end":{"line":549,"column":1}},"type":"if","locations":[{"start":{"line":547,"column":0},"end":{"line":549,"column":1}},{"start":{},"end":{}}],"line":547},"34":{"loc":{"start":{"line":547,"column":4},"end":{"line":547,"column":51}},"type":"binary-expr","locations":[{"start":{"line":547,"column":4},"end":{"line":547,"column":33}},{"start":{"line":547,"column":37},"end":{"line":547,"column":51}}],"line":547},"35":{"loc":{"start":{"line":552,"column":0},"end":{"line":554,"column":1}},"type":"if","locations":[{"start":{"line":552,"column":0},"end":{"line":554,"column":1}},{"start":{},"end":{}}],"line":552}},"s":{"0":1,"1":1,"2":1,"3":5,"4":5,"5":5,"6":5,"7":8,"8":8,"9":6,"10":4,"11":4,"12":2,"13":0,"14":0,"15":2,"16":2,"17":2,"18":1,"19":1,"20":8,"21":8,"22":1,"23":1,"24":14,"25":14,"26":1,"27":13,"28":13,"29":13,"30":8,"31":8,"32":8,"33":5,"34":5,"35":5,"36":5,"37":5,"38":10,"39":5,"40":2,"41":3,"42":1,"43":2,"44":2,"45":2,"46":3,"47":3,"48":3,"49":2,"50":2,"51":2,"52":15,"53":3,"54":12,"55":12,"56":3,"57":9,"58":3,"59":6,"60":2,"61":4,"62":2,"63":2,"64":5,"65":77,"66":77,"67":2,"68":2,"69":23,"70":23,"71":23,"72":23,"73":22,"74":22,"75":22,"76":1,"77":1,"78":6,"79":6,"80":1,"81":1,"82":5,"83":5,"84":4,"85":4,"86":4,"87":1,"88":1,"89":69,"90":69,"91":18,"92":18,"93":3,"94":69,"95":69,"96":7,"97":9,"98":9,"99":9,"100":9,"101":8,"102":8,"103":8,"104":1,"105":1,"106":69,"107":69,"108":10,"109":10,"110":1,"111":69,"112":69,"113":9,"114":7,"115":7,"116":4,"117":4,"118":4,"119":4,"120":2,"121":2,"122":2,"123":0,"124":0,"125":0,"126":0,"127":2,"128":0,"129":0,"130":0,"131":0,"132":0,"133":0,"134":2,"135":2,"136":2,"137":2,"138":0,"139":0,"140":4,"141":1,"142":1,"143":1,"144":1,"145":4,"146":1,"147":4,"148":4,"149":4,"150":4,"151":4,"152":4,"153":0,"154":4,"155":4,"156":4,"157":2,"158":4,"159":4,"160":2,"161":2,"162":2,"163":2,"164":2,"165":66,"166":66,"167":66,"168":66,"169":66,"170":1,"171":1,"172":1,"173":1,"174":1},"f":{"0":5,"1":2,"2":8,"3":14,"4":5,"5":10,"6":15,"7":5,"8":77,"9":2,"10":23,"11":23,"12":6,"13":69,"14":18,"15":7,"16":9,"17":69,"18":10,"19":9,"20":7,"21":4,"22":4,"23":0,"24":0,"25":0,"26":0,"27":0,"28":4,"29":1,"30":1,"31":0,"32":2,"33":2,"34":66},"b":{"0":[3],"1":[3],"2":[3],"3":[5],"4":[4,2],"5":[0,2],"6":[1,13],"7":[8,5],"8":[5,0],"9":[5,5],"10":[2,3],"11":[1,2],"12":[2,0],"13":[2,1],"14":[3,12],"15":[3,9],"16":[3,6],"17":[2,4],"18":[2,2],"19":[1,5],"20":[8],"21":[2,2],"22":[4,3],"23":[0,0],"24":[0,0],"25":[0,0,0],"26":[0,0,0],"27":[0,0],"28":[1,0],"29":[4,0],"30":[4,0],"31":[2,0],"32":[2,0],"33":[1,0],"34":[1,1],"35":[1,0]},"inputSourceMap":null,"_coverageSchema":"1a1c01bbd47fc00a2c39e90264f33305004495a9","hash":"c2b214916c80a7f045cdd34a0a05f576a01de120"}
,"/media/yannick/971c2f08-d6ef-40aa-86cd-2db02962e9f5/Projects/thunderbird/QuickFilter/src/utils/errors.js": {"path":"/media/yannick/971c2f08-d6ef-40aa-86cd-2db02962e9f5/Projects/thunderbird/QuickFilter/src/utils/errors.js","statementMap":{"0":{"start":{"line":12,"column":18},"end":{"line":27,"column":1}},"1":{"start":{"line":33,"column":22},"end":{"line":45,"column":1}},"2":{"start":{"line":66,"column":23},"end":{"line":66,"column":53}},"3":{"start":{"line":69,"column":20},"end":{"line":69,"column":44}},"4":{"start":{"line":70,"column":17},"end":{"line":70,"column":68}},"5":{"start":{"line":71,"column":21},"end":{"line":71,"column":75}},"6":{"start":{"line":74,"column":2},"end":{"line":89,"column":3}},"7":{"start":{"line":76,"column":6},"end":{"line":76,"column":115}},"8":{"start":{"line":77,"column":6},"end":{"line":77,"column":12}},"9":{"start":{"line":79,"column":6},"end":{"line":79,"column":115}},"10":{"start":{"line":80,"column":6},"end":{"line":80,"column":12}},"11":{"start":{"line":82,"column":6},"end":{"line":82,"column":88}},"12":{"start":{"line":83,"column":6},"end":{"line":83,"column":12}},"13":{"start":{"line":85,"column":6},"end":{"line":85,"column":88}},"14":{"start":{"line":86,"column":6},"end":{"line":86,"column":12}},"15":{"start":{"line":88,"column":6},"end":{"line":88,"column":72}},"16":{"start":{"line":102,"column":45},"end":{"line":102,"column":52}},"17":{"start":{"line":104,"column":2},"end":{"line":129,"column":3}},"18":{"start":{"line":106,"column":4},"end":{"line":124,"column":5}},"19":{"start":{"line":107,"column":6},"end":{"line":112,"column":9}},"20":{"start":{"line":115,"column":6},"end":{"line":120,"column":7}},"21":{"start":{"line":116,"column":8},"end":{"line":119,"column":20}},"22":{"start":{"line":123,"column":6},"end":{"line":123,"column":59}},"23":{"start":{"line":127,"column":4},"end":{"line":127,"column":88}},"24":{"start":{"line":128,"column":4},"end":{"line":128,"column":65}},"25":{"start":{"line":145,"column":95},"end":{"line":145,"column":102}},"26":{"start":{"line":147,"column":2},"end":{"line":163,"column":4}},"27":{"start":{"line":148,"column":4},"end":{"line":162,"column":5}},"28":{"start":{"line":149,"column":6},"end":{"line":149,"column":40}},"29":{"start":{"line":151,"column":27},"end":{"line":158,"column":7}},"30":{"start":{"line":160,"column":6},"end":{"line":160,"column":29}},"31":{"start":{"line":161,"column":6},"end":{"line":161,"column":18}},"32":{"start":{"line":178,"column":95},"end":{"line":178,"column":102}},"33":{"start":{"line":180,"column":2},"end":{"line":196,"column":4}},"34":{"start":{"line":181,"column":4},"end":{"line":195,"column":5}},"35":{"start":{"line":182,"column":6},"end":{"line":182,"column":34}},"36":{"start":{"line":184,"column":27},"end":{"line":191,"column":7}},"37":{"start":{"line":193,"column":6},"end":{"line":193,"column":29}},"38":{"start":{"line":194,"column":6},"end":{"line":194,"column":18}},"39":{"start":{"line":207,"column":2},"end":{"line":209,"column":3}},"40":{"start":{"line":208,"column":4},"end":{"line":208,"column":71}},"41":{"start":{"line":210,"column":2},"end":{"line":210,"column":15}},"42":{"start":{"line":222,"column":21},"end":{"line":222,"column":33}},"43":{"start":{"line":223,"column":2},"end":{"line":225,"column":3}},"44":{"start":{"line":224,"column":4},"end":{"line":224,"column":99}},"45":{"start":{"line":226,"column":2},"end":{"line":226,"column":15}},"46":{"start":{"line":237,"column":2},"end":{"line":237,"column":38}},"47":{"start":{"line":238,"column":2},"end":{"line":240,"column":3}},"48":{"start":{"line":239,"column":4},"end":{"line":239,"column":69}},"49":{"start":{"line":241,"column":2},"end":{"line":241,"column":15}},"50":{"start":{"line":254,"column":2},"end":{"line":254,"column":38}},"51":{"start":{"line":255,"column":2},"end":{"line":257,"column":3}},"52":{"start":{"line":256,"column":4},"end":{"line":256,"column":104}},"53":{"start":{"line":258,"column":2},"end":{"line":258,"column":15}},"54":{"start":{"line":271,"column":2},"end":{"line":278,"column":4}},"55":{"start":{"line":290,"column":2},"end":{"line":295,"column":3}},"56":{"start":{"line":291,"column":4},"end":{"line":294,"column":6}},"57":{"start":{"line":298,"column":2},"end":{"line":307,"column":3}},"58":{"start":{"line":299,"column":4},"end":{"line":306,"column":6}},"59":{"start":{"line":310,"column":2},"end":{"line":317,"column":4}},"60":{"start":{"line":327,"column":2},"end":{"line":339,"column":3}},"61":{"start":{"line":328,"column":18},"end":{"line":328,"column":36}},"62":{"start":{"line":329,"column":18},"end":{"line":329,"column":25}},"63":{"start":{"line":330,"column":4},"end":{"line":335,"column":5}},"64":{"start":{"line":331,"column":6},"end":{"line":333,"column":7}},"65":{"start":{"line":332,"column":8},"end":{"line":332,"column":21}},"66":{"start":{"line":334,"column":6},"end":{"line":334,"column":30}},"67":{"start":{"line":336,"column":4},"end":{"line":336,"column":16}},"68":{"start":{"line":338,"column":4},"end":{"line":338,"column":17}},"69":{"start":{"line":350,"column":2},"end":{"line":352,"column":3}},"70":{"start":{"line":351,"column":4},"end":{"line":351,"column":29}},"71":{"start":{"line":356,"column":15},"end":{"line":371,"column":1}},"72":{"start":{"line":374,"column":0},"end":{"line":376,"column":1}},"73":{"start":{"line":375,"column":2},"end":{"line":375,"column":26}},"74":{"start":{"line":379,"column":0},"end":{"line":381,"column":1}},"75":{"start":{"line":380,"column":2},"end":{"line":380,"column":38}}},"fnMap":{"0":{"name":"logError","decl":{"start":{"line":64,"column":9},"end":{"line":64,"column":17}},"loc":{"start":{"line":64,"column":39},"end":{"line":90,"column":1}},"line":64},"1":{"name":"showErrorNotification","decl":{"start":{"line":101,"column":15},"end":{"line":101,"column":36}},"loc":{"start":{"line":101,"column":67},"end":{"line":130,"column":1}},"line":101},"2":{"name":"(anonymous_2)","decl":{"start":{"line":116,"column":19},"end":{"line":116,"column":20}},"loc":{"start":{"line":116,"column":25},"end":{"line":119,"column":9}},"line":116},"3":{"name":"wrapAsync","decl":{"start":{"line":144,"column":9},"end":{"line":144,"column":18}},"loc":{"start":{"line":144,"column":37},"end":{"line":164,"column":1}},"line":144},"4":{"name":"(anonymous_4)","decl":{"start":{"line":147,"column":9},"end":{"line":147,"column":10}},"loc":{"start":{"line":147,"column":33},"end":{"line":163,"column":3}},"line":147},"5":{"name":"wrapSync","decl":{"start":{"line":177,"column":9},"end":{"line":177,"column":17}},"loc":{"start":{"line":177,"column":36},"end":{"line":197,"column":1}},"line":177},"6":{"name":"(anonymous_6)","decl":{"start":{"line":180,"column":9},"end":{"line":180,"column":10}},"loc":{"start":{"line":180,"column":27},"end":{"line":196,"column":3}},"line":180},"7":{"name":"validateNotNull","decl":{"start":{"line":206,"column":9},"end":{"line":206,"column":24}},"loc":{"start":{"line":206,"column":48},"end":{"line":211,"column":1}},"line":206},"8":{"name":"validateType","decl":{"start":{"line":221,"column":9},"end":{"line":221,"column":21}},"loc":{"start":{"line":221,"column":59},"end":{"line":227,"column":1}},"line":221},"9":{"name":"validateString","decl":{"start":{"line":236,"column":9},"end":{"line":236,"column":23}},"loc":{"start":{"line":236,"column":47},"end":{"line":242,"column":1}},"line":236},"10":{"name":"validateNumber","decl":{"start":{"line":253,"column":9},"end":{"line":253,"column":23}},"loc":{"start":{"line":253,"column":72},"end":{"line":259,"column":1}},"line":253},"11":{"name":"createError","decl":{"start":{"line":270,"column":9},"end":{"line":270,"column":20}},"loc":{"start":{"line":270,"column":60},"end":{"line":279,"column":1}},"line":270},"12":{"name":"normalizeError","decl":{"start":{"line":288,"column":9},"end":{"line":288,"column":23}},"loc":{"start":{"line":288,"column":45},"end":{"line":318,"column":1}},"line":288},"13":{"name":"isApiAvailable","decl":{"start":{"line":326,"column":9},"end":{"line":326,"column":23}},"loc":{"start":{"line":326,"column":33},"end":{"line":340,"column":1}},"line":326},"14":{"name":"assert","decl":{"start":{"line":349,"column":9},"end":{"line":349,"column":15}},"loc":{"start":{"line":349,"column":57},"end":{"line":353,"column":1}},"line":349}},"branchMap":{"0":{"loc":{"start":{"line":64,"column":25},"end":{"line":64,"column":37}},"type":"default-arg","locations":[{"start":{"line":64,"column":35},"end":{"line":64,"column":37}}],"line":64},"1":{"loc":{"start":{"line":71,"column":21},"end":{"line":71,"column":75}},"type":"cond-expr","locations":[{"start":{"line":71,"column":43},"end":{"line":71,"column":70}},{"start":{"line":71,"column":73},"end":{"line":71,"column":75}}],"line":71},"2":{"loc":{"start":{"line":74,"column":2},"end":{"line":89,"column":3}},"type":"switch","locations":[{"start":{"line":75,"column":4},"end":{"line":77,"column":12}},{"start":{"line":78,"column":4},"end":{"line":80,"column":12}},{"start":{"line":81,"column":4},"end":{"line":83,"column":12}},{"start":{"line":84,"column":4},"end":{"line":86,"column":12}},{"start":{"line":87,"column":4},"end":{"line":88,"column":72}}],"line":74},"3":{"loc":{"start":{"line":76,"column":80},"end":{"line":76,"column":104}},"type":"binary-expr","locations":[{"start":{"line":76,"column":80},"end":{"line":76,"column":98}},{"start":{"line":76,"column":102},"end":{"line":76,"column":104}}],"line":76},"4":{"loc":{"start":{"line":79,"column":80},"end":{"line":79,"column":104}},"type":"binary-expr","locations":[{"start":{"line":79,"column":80},"end":{"line":79,"column":98}},{"start":{"line":79,"column":102},"end":{"line":79,"column":104}}],"line":79},"5":{"loc":{"start":{"line":101,"column":53},"end":{"line":101,"column":65}},"type":"default-arg","locations":[{"start":{"line":101,"column":63},"end":{"line":101,"column":65}}],"line":101},"6":{"loc":{"start":{"line":102,"column":10},"end":{"line":102,"column":24}},"type":"default-arg","locations":[{"start":{"line":102,"column":17},"end":{"line":102,"column":24}}],"line":102},"7":{"loc":{"start":{"line":102,"column":26},"end":{"line":102,"column":40}},"type":"default-arg","locations":[{"start":{"line":102,"column":36},"end":{"line":102,"column":40}}],"line":102},"8":{"loc":{"start":{"line":106,"column":4},"end":{"line":124,"column":5}},"type":"if","locations":[{"start":{"line":106,"column":4},"end":{"line":124,"column":5}},{"start":{"line":121,"column":11},"end":{"line":124,"column":5}}],"line":106},"9":{"loc":{"start":{"line":106,"column":8},"end":{"line":106,"column":40}},"type":"binary-expr","locations":[{"start":{"line":106,"column":8},"end":{"line":106,"column":15}},{"start":{"line":106,"column":19},"end":{"line":106,"column":40}}],"line":106},"10":{"loc":{"start":{"line":109,"column":17},"end":{"line":109,"column":59}},"type":"binary-expr","locations":[{"start":{"line":109,"column":17},"end":{"line":109,"column":53}},{"start":{"line":109,"column":57},"end":{"line":109,"column":59}}],"line":109},"11":{"loc":{"start":{"line":115,"column":6},"end":{"line":120,"column":7}},"type":"if","locations":[{"start":{"line":115,"column":6},"end":{"line":120,"column":7}},{"start":{},"end":{}}],"line":115},"12":{"loc":{"start":{"line":144,"column":23},"end":{"line":144,"column":35}},"type":"default-arg","locations":[{"start":{"line":144,"column":33},"end":{"line":144,"column":35}}],"line":144},"13":{"loc":{"start":{"line":145,"column":10},"end":{"line":145,"column":21}},"type":"default-arg","locations":[{"start":{"line":145,"column":19},"end":{"line":145,"column":21}}],"line":145},"14":{"loc":{"start":{"line":145,"column":23},"end":{"line":145,"column":52}},"type":"default-arg","locations":[{"start":{"line":145,"column":34},"end":{"line":145,"column":52}}],"line":145},"15":{"loc":{"start":{"line":145,"column":54},"end":{"line":145,"column":90}},"type":"default-arg","locations":[{"start":{"line":145,"column":71},"end":{"line":145,"column":90}}],"line":145},"16":{"loc":{"start":{"line":177,"column":22},"end":{"line":177,"column":34}},"type":"default-arg","locations":[{"start":{"line":177,"column":32},"end":{"line":177,"column":34}}],"line":177},"17":{"loc":{"start":{"line":178,"column":10},"end":{"line":178,"column":21}},"type":"default-arg","locations":[{"start":{"line":178,"column":19},"end":{"line":178,"column":21}}],"line":178},"18":{"loc":{"start":{"line":178,"column":23},"end":{"line":178,"column":52}},"type":"default-arg","locations":[{"start":{"line":178,"column":34},"end":{"line":178,"column":52}}],"line":178},"19":{"loc":{"start":{"line":178,"column":54},"end":{"line":178,"column":90}},"type":"default-arg","locations":[{"start":{"line":178,"column":71},"end":{"line":178,"column":90}}],"line":178},"20":{"loc":{"start":{"line":206,"column":32},"end":{"line":206,"column":46}},"type":"default-arg","locations":[{"start":{"line":206,"column":39},"end":{"line":206,"column":46}}],"line":206},"21":{"loc":{"start":{"line":207,"column":2},"end":{"line":209,"column":3}},"type":"if","locations":[{"start":{"line":207,"column":2},"end":{"line":209,"column":3}},{"start":{},"end":{}}],"line":207},"22":{"loc":{"start":{"line":207,"column":6},"end":{"line":207,"column":43}},"type":"binary-expr","locations":[{"start":{"line":207,"column":6},"end":{"line":207,"column":20}},{"start":{"line":207,"column":24},"end":{"line":207,"column":43}}],"line":207},"23":{"loc":{"start":{"line":221,"column":43},"end":{"line":221,"column":57}},"type":"default-arg","locations":[{"start":{"line":221,"column":50},"end":{"line":221,"column":57}}],"line":221},"24":{"loc":{"start":{"line":223,"column":2},"end":{"line":225,"column":3}},"type":"if","locations":[{"start":{"line":223,"column":2},"end":{"line":225,"column":3}},{"start":{},"end":{}}],"line":223},"25":{"loc":{"start":{"line":236,"column":31},"end":{"line":236,"column":45}},"type":"default-arg","locations":[{"start":{"line":236,"column":38},"end":{"line":236,"column":45}}],"line":236},"26":{"loc":{"start":{"line":238,"column":2},"end":{"line":240,"column":3}},"type":"if","locations":[{"start":{"line":238,"column":2},"end":{"line":240,"column":3}},{"start":{},"end":{}}],"line":238},"27":{"loc":{"start":{"line":253,"column":31},"end":{"line":253,"column":38}},"type":"default-arg","locations":[{"start":{"line":253,"column":37},"end":{"line":253,"column":38}}],"line":253},"28":{"loc":{"start":{"line":253,"column":40},"end":{"line":253,"column":54}},"type":"default-arg","locations":[{"start":{"line":253,"column":46},"end":{"line":253,"column":54}}],"line":253},"29":{"loc":{"start":{"line":253,"column":56},"end":{"line":253,"column":70}},"type":"default-arg","locations":[{"start":{"line":253,"column":63},"end":{"line":253,"column":70}}],"line":253},"30":{"loc":{"start":{"line":255,"column":2},"end":{"line":257,"column":3}},"type":"if","locations":[{"start":{"line":255,"column":2},"end":{"line":257,"column":3}},{"start":{},"end":{}}],"line":255},"31":{"loc":{"start":{"line":255,"column":6},"end":{"line":255,"column":32}},"type":"binary-expr","locations":[{"start":{"line":255,"column":6},"end":{"line":255,"column":17}},{"start":{"line":255,"column":21},"end":{"line":255,"column":32}}],"line":255},"32":{"loc":{"start":{"line":270,"column":46},"end":{"line":270,"column":58}},"type":"default-arg","locations":[{"start":{"line":270,"column":56},"end":{"line":270,"column":58}}],"line":270},"33":{"loc":{"start":{"line":277,"column":12},"end":{"line":277,"column":32}},"type":"binary-expr","locations":[{"start":{"line":277,"column":12},"end":{"line":277,"column":26}},{"start":{"line":277,"column":30},"end":{"line":277,"column":32}}],"line":277},"34":{"loc":{"start":{"line":288,"column":31},"end":{"line":288,"column":43}},"type":"default-arg","locations":[{"start":{"line":288,"column":41},"end":{"line":288,"column":43}}],"line":288},"35":{"loc":{"start":{"line":290,"column":2},"end":{"line":295,"column":3}},"type":"if","locations":[{"start":{"line":290,"column":2},"end":{"line":295,"column":3}},{"start":{},"end":{}}],"line":290},"36":{"loc":{"start":{"line":290,"column":6},"end":{"line":290,"column":72}},"type":"binary-expr","locations":[{"start":{"line":290,"column":6},"end":{"line":290,"column":11}},{"start":{"line":290,"column":15},"end":{"line":290,"column":40}},{"start":{"line":290,"column":44},"end":{"line":290,"column":54}},{"start":{"line":290,"column":58},"end":{"line":290,"column":72}}],"line":290},"37":{"loc":{"start":{"line":298,"column":2},"end":{"line":307,"column":3}},"type":"if","locations":[{"start":{"line":298,"column":2},"end":{"line":307,"column":3}},{"start":{},"end":{}}],"line":298},"38":{"loc":{"start":{"line":302,"column":15},"end":{"line":302,"column":59}},"type":"binary-expr","locations":[{"start":{"line":302,"column":15},"end":{"line":302,"column":28}},{"start":{"line":302,"column":32},"end":{"line":302,"column":59}}],"line":302},"39":{"loc":{"start":{"line":305,"column":14},"end":{"line":305,"column":34}},"type":"binary-expr","locations":[{"start":{"line":305,"column":14},"end":{"line":305,"column":28}},{"start":{"line":305,"column":32},"end":{"line":305,"column":34}}],"line":305},"40":{"loc":{"start":{"line":316,"column":12},"end":{"line":316,"column":32}},"type":"binary-expr","locations":[{"start":{"line":316,"column":12},"end":{"line":316,"column":26}},{"start":{"line":316,"column":30},"end":{"line":316,"column":32}}],"line":316},"41":{"loc":{"start":{"line":331,"column":6},"end":{"line":333,"column":7}},"type":"if","locations":[{"start":{"line":331,"column":6},"end":{"line":333,"column":7}},{"start":{},"end":{}}],"line":331},"42":{"loc":{"start":{"line":349,"column":27},"end":{"line":349,"column":55}},"type":"default-arg","locations":[{"start":{"line":349,"column":37},"end":{"line":349,"column":55}}],"line":349},"43":{"loc":{"start":{"line":350,"column":2},"end":{"line":352,"column":3}},"type":"if","locations":[{"start":{"line":350,"column":2},"end":{"line":352,"column":3}},{"start":{},"end":{}}],"line":350},"44":{"loc":{"start":{"line":374,"column":0},"end":{"line":376,"column":1}},"type":"if","locations":[{"start":{"line":374,"column":0},"end":{"line":376,"column":1}},{"start":{},"end":{}}],"line":374},"45":{"loc":{"start":{"line":374,"column":4},"end":{"line":374,"column":51}},"type":"binary-expr","locations":[{"start":{"line":374,"column":4},"end":{"line":374,"column":33}},{"start":{"line":374,"column":37},"end":{"line":374,"column":51}}],"line":374},"46":{"loc":{"start":{"line":379,"column":0},"end":{"line":381,"column":1}},"type":"if","locations":[{"start":{"line":379,"column":0},"end":{"line":381,"column":1}},{"start":{},"end":{}}],"line":379}},"s":{"0":0,"1":0,"2":0,"3":0,"4":0,"5":0,"6":0,"7":0,"8":0,"9":0,"10":0,"11":0,"12":0,"13":0,"14":0,"15":0,"16":0,"17":0,"18":0,"19":0,"20":0,"21":0,"22":0,"23":0,"24":0,"25":0,"26":0,"27":0,"28":0,"29":0,"30":0,"31":0,"32":0,"33":0,"34":0,"35":0,"36":0,"37":0,"38":0,"39":0,"40":0,"41":0,"42":0,"43":0,"44":0,"45":0,"46":0,"47":0,"48":0,"49":0,"50":0,"51":0,"52":0,"53":0,"54":0,"55":0,"56":0,"57":0,"58":0,"59":0,"60":0,"61":0,"62":0,"63":0,"64":0,"65":0,"66":0,"67":0,"68":0,"69":0,"70":0,"71":0,"72":0,"73":0,"74":0,"75":0},"f":{"0":0,"1":0,"2":0,"3":0,"4":0,"5":0,"6":0,"7":0,"8":0,"9":0,"10":0,"11":0,"12":0,"13":0,"14":0},"b":{"0":[0],"1":[0,0],"2":[0,0,0,0,0],"3":[0,0],"4":[0,0],"5":[0],"6":[0],"7":[0],"8":[0,0],"9":[0,0],"10":[0,0],"11":[0,0],"12":[0],"13":[0],"14":[0],"15":[0],"16":[0],"17":[0],"18":[0],"19":[0],"20":[0],"21":[0,0],"22":[0,0],"23":[0],"24":[0,0],"25":[0],"26":[0,0],"27":[0],"28":[0],"29":[0],"30":[0,0],"31":[0,0],"32":[0],"33":[0,0],"34":[0],"35":[0,0],"36":[0,0,0,0],"37":[0,0],"38":[0,0],"39":[0,0],"40":[0,0],"41":[0,0],"42":[0],"43":[0,0],"44":[0,0],"45":[0,0],"46":[0,0]},"inputSourceMap":null}
,"/media/yannick/971c2f08-d6ef-40aa-86cd-2db02962e9f5/Projects/thunderbird/QuickFilter/src/utils/features.js": {"path":"/media/yannick/971c2f08-d6ef-40aa-86cd-2db02962e9f5/Projects/thunderbird/QuickFilter/src/utils/features.js","statementMap":{"0":{"start":{"line":12,"column":22},"end":{"line":42,"column":1}},"1":{"start":{"line":48,"column":31},"end":{"line":59,"column":1}},"2":{"start":{"line":65,"column":20},"end":{"line":65,"column":49}},"3":{"start":{"line":71,"column":26},"end":{"line":71,"column":27}},"4":{"start":{"line":83,"column":20},"end":{"line":83,"column":22}},"5":{"start":{"line":86,"column":2},"end":{"line":91,"column":3}},"6":{"start":{"line":87,"column":4},"end":{"line":88,"column":57}},"7":{"start":{"line":90,"column":4},"end":{"line":90,"column":47}},"8":{"start":{"line":94,"column":2},"end":{"line":99,"column":3}},"9":{"start":{"line":95,"column":4},"end":{"line":96,"column":43}},"10":{"start":{"line":98,"column":4},"end":{"line":98,"column":51}},"11":{"start":{"line":102,"column":2},"end":{"line":107,"column":3}},"12":{"start":{"line":103,"column":27},"end":{"line":103,"column":82}},"13":{"start":{"line":104,"column":4},"end":{"line":104,"column":61}},"14":{"start":{"line":106,"column":4},"end":{"line":106,"column":52}},"15":{"start":{"line":110,"column":2},"end":{"line":110,"column":50}},"16":{"start":{"line":111,"column":2},"end":{"line":111,"column":47}},"17":{"start":{"line":112,"column":2},"end":{"line":112,"column":46}},"18":{"start":{"line":113,"column":2},"end":{"line":113,"column":53}},"19":{"start":{"line":114,"column":2},"end":{"line":114,"column":54}},"20":{"start":{"line":115,"column":2},"end":{"line":115,"column":49}},"21":{"start":{"line":116,"column":2},"end":{"line":116,"column":54}},"22":{"start":{"line":118,"column":2},"end":{"line":118,"column":68}},"23":{"start":{"line":119,"column":2},"end":{"line":119,"column":19}},"24":{"start":{"line":129,"column":2},"end":{"line":129,"column":56}},"25":{"start":{"line":139,"column":2},"end":{"line":140,"column":56}},"26":{"start":{"line":154,"column":2},"end":{"line":157,"column":3}},"27":{"start":{"line":155,"column":4},"end":{"line":155,"column":63}},"28":{"start":{"line":156,"column":4},"end":{"line":156,"column":17}},"29":{"start":{"line":159,"column":2},"end":{"line":162,"column":3}},"30":{"start":{"line":160,"column":4},"end":{"line":160,"column":81}},"31":{"start":{"line":161,"column":4},"end":{"line":161,"column":17}},"32":{"start":{"line":164,"column":2},"end":{"line":164,"column":44}},"33":{"start":{"line":165,"column":2},"end":{"line":165,"column":42}},"34":{"start":{"line":167,"column":2},"end":{"line":167,"column":60}},"35":{"start":{"line":168,"column":2},"end":{"line":168,"column":14}},"36":{"start":{"line":178,"column":2},"end":{"line":181,"column":3}},"37":{"start":{"line":179,"column":4},"end":{"line":179,"column":63}},"38":{"start":{"line":180,"column":4},"end":{"line":180,"column":17}},"39":{"start":{"line":183,"column":2},"end":{"line":183,"column":45}},"40":{"start":{"line":185,"column":2},"end":{"line":185,"column":61}},"41":{"start":{"line":186,"column":2},"end":{"line":186,"column":14}},"42":{"start":{"line":196,"column":2},"end":{"line":200,"column":3}},"43":{"start":{"line":197,"column":4},"end":{"line":197,"column":40}},"44":{"start":{"line":199,"column":4},"end":{"line":199,"column":38}},"45":{"start":{"line":211,"column":2},"end":{"line":213,"column":3}},"46":{"start":{"line":212,"column":4},"end":{"line":212,"column":17}},"47":{"start":{"line":215,"column":16},"end":{"line":215,"column":42}},"48":{"start":{"line":216,"column":2},"end":{"line":216,"column":19}},"49":{"start":{"line":218,"column":2},"end":{"line":218,"column":102}},"50":{"start":{"line":221,"column":2},"end":{"line":225,"column":3}},"51":{"start":{"line":222,"column":4},"end":{"line":222,"column":32}},"52":{"start":{"line":223,"column":4},"end":{"line":223,"column":106}},"53":{"start":{"line":224,"column":4},"end":{"line":224,"column":17}},"54":{"start":{"line":227,"column":2},"end":{"line":227,"column":14}},"55":{"start":{"line":236,"column":2},"end":{"line":239,"column":3}},"56":{"start":{"line":237,"column":4},"end":{"line":237,"column":44}},"57":{"start":{"line":238,"column":4},"end":{"line":238,"column":65}},"58":{"start":{"line":248,"column":2},"end":{"line":248,"column":30}},"59":{"start":{"line":258,"column":2},"end":{"line":258,"column":44}},"60":{"start":{"line":274,"column":2},"end":{"line":280,"column":3}},"61":{"start":{"line":275,"column":4},"end":{"line":277,"column":5}},"62":{"start":{"line":276,"column":6},"end":{"line":276,"column":22}},"63":{"start":{"line":278,"column":4},"end":{"line":278,"column":74}},"64":{"start":{"line":279,"column":4},"end":{"line":279,"column":16}},"65":{"start":{"line":282,"column":2},"end":{"line":288,"column":3}},"66":{"start":{"line":283,"column":4},"end":{"line":283,"column":16}},"67":{"start":{"line":285,"column":4},"end":{"line":285,"column":72}},"68":{"start":{"line":286,"column":4},"end":{"line":286,"column":38}},"69":{"start":{"line":287,"column":4},"end":{"line":287,"column":20}},"70":{"start":{"line":300,"column":2},"end":{"line":306,"column":3}},"71":{"start":{"line":301,"column":4},"end":{"line":303,"column":5}},"72":{"start":{"line":302,"column":6},"end":{"line":302,"column":22}},"73":{"start":{"line":304,"column":4},"end":{"line":304,"column":74}},"74":{"start":{"line":305,"column":4},"end":{"line":305,"column":16}},"75":{"start":{"line":308,"column":2},"end":{"line":314,"column":3}},"76":{"start":{"line":309,"column":4},"end":{"line":309,"column":22}},"77":{"start":{"line":311,"column":4},"end":{"line":311,"column":72}},"78":{"start":{"line":312,"column":4},"end":{"line":312,"column":38}},"79":{"start":{"line":313,"column":4},"end":{"line":313,"column":20}},"80":{"start":{"line":328,"column":2},"end":{"line":354,"column":3}},"81":{"start":{"line":330,"column":22},"end":{"line":330,"column":53}},"82":{"start":{"line":333,"column":4},"end":{"line":337,"column":5}},"83":{"start":{"line":334,"column":6},"end":{"line":336,"column":7}},"84":{"start":{"line":335,"column":8},"end":{"line":335,"column":59}},"85":{"start":{"line":339,"column":4},"end":{"line":339,"column":54}},"86":{"start":{"line":340,"column":4},"end":{"line":340,"column":69}},"87":{"start":{"line":342,"column":4},"end":{"line":346,"column":6}},"88":{"start":{"line":348,"column":4},"end":{"line":348,"column":62}},"89":{"start":{"line":349,"column":4},"end":{"line":353,"column":6}},"90":{"start":{"line":358,"column":17},"end":{"line":384,"column":1}},"91":{"start":{"line":387,"column":0},"end":{"line":389,"column":1}},"92":{"start":{"line":388,"column":2},"end":{"line":388,"column":28}},"93":{"start":{"line":392,"column":0},"end":{"line":394,"column":1}},"94":{"start":{"line":393,"column":2},"end":{"line":393,"column":42}}},"fnMap":{"0":{"name":"detectAvailableFeatures","decl":{"start":{"line":82,"column":15},"end":{"line":82,"column":38}},"loc":{"start":{"line":82,"column":41},"end":{"line":120,"column":1}},"line":82},"1":{"name":"isFeatureAvailable","decl":{"start":{"line":128,"column":9},"end":{"line":128,"column":27}},"loc":{"start":{"line":128,"column":41},"end":{"line":130,"column":1}},"line":128},"2":{"name":"isFeatureEnabled","decl":{"start":{"line":138,"column":9},"end":{"line":138,"column":25}},"loc":{"start":{"line":138,"column":39},"end":{"line":141,"column":1}},"line":138},"3":{"name":"enableFeature","decl":{"start":{"line":153,"column":9},"end":{"line":153,"column":22}},"loc":{"start":{"line":153,"column":36},"end":{"line":169,"column":1}},"line":153},"4":{"name":"disableFeature","decl":{"start":{"line":177,"column":9},"end":{"line":177,"column":23}},"loc":{"start":{"line":177,"column":37},"end":{"line":187,"column":1}},"line":177},"5":{"name":"toggleFeature","decl":{"start":{"line":195,"column":9},"end":{"line":195,"column":22}},"loc":{"start":{"line":195,"column":36},"end":{"line":201,"column":1}},"line":195},"6":{"name":"recordFeatureFailure","decl":{"start":{"line":210,"column":9},"end":{"line":210,"column":29}},"loc":{"start":{"line":210,"column":43},"end":{"line":228,"column":1}},"line":210},"7":{"name":"resetFeatureFailures","decl":{"start":{"line":235,"column":9},"end":{"line":235,"column":29}},"loc":{"start":{"line":235,"column":43},"end":{"line":240,"column":1}},"line":235},"8":{"name":"getAllFeatureStates","decl":{"start":{"line":247,"column":9},"end":{"line":247,"column":28}},"loc":{"start":{"line":247,"column":31},"end":{"line":249,"column":1}},"line":247},"9":{"name":"getFeatureState","decl":{"start":{"line":257,"column":9},"end":{"line":257,"column":24}},"loc":{"start":{"line":257,"column":38},"end":{"line":259,"column":1}},"line":257},"10":{"name":"withFeature","decl":{"start":{"line":273,"column":9},"end":{"line":273,"column":20}},"loc":{"start":{"line":273,"column":60},"end":{"line":289,"column":1}},"line":273},"11":{"name":"withFeatureAsync","decl":{"start":{"line":299,"column":15},"end":{"line":299,"column":31}},"loc":{"start":{"line":299,"column":71},"end":{"line":315,"column":1}},"line":299},"12":{"name":"init","decl":{"start":{"line":327,"column":15},"end":{"line":327,"column":19}},"loc":{"start":{"line":327,"column":22},"end":{"line":355,"column":1}},"line":327}},"branchMap":{"0":{"loc":{"start":{"line":139,"column":9},"end":{"line":140,"column":55}},"type":"binary-expr","locations":[{"start":{"line":139,"column":9},"end":{"line":139,"column":53}},{"start":{"line":140,"column":9},"end":{"line":140,"column":55}}],"line":139},"1":{"loc":{"start":{"line":154,"column":2},"end":{"line":157,"column":3}},"type":"if","locations":[{"start":{"line":154,"column":2},"end":{"line":157,"column":3}},{"start":{},"end":{}}],"line":154},"2":{"loc":{"start":{"line":159,"column":2},"end":{"line":162,"column":3}},"type":"if","locations":[{"start":{"line":159,"column":2},"end":{"line":162,"column":3}},{"start":{},"end":{}}],"line":159},"3":{"loc":{"start":{"line":178,"column":2},"end":{"line":181,"column":3}},"type":"if","locations":[{"start":{"line":178,"column":2},"end":{"line":181,"column":3}},{"start":{},"end":{}}],"line":178},"4":{"loc":{"start":{"line":196,"column":2},"end":{"line":200,"column":3}},"type":"if","locations":[{"start":{"line":196,"column":2},"end":{"line":200,"column":3}},{"start":{"line":198,"column":9},"end":{"line":200,"column":3}}],"line":196},"5":{"loc":{"start":{"line":211,"column":2},"end":{"line":213,"column":3}},"type":"if","locations":[{"start":{"line":211,"column":2},"end":{"line":213,"column":3}},{"start":{},"end":{}}],"line":211},"6":{"loc":{"start":{"line":221,"column":2},"end":{"line":225,"column":3}},"type":"if","locations":[{"start":{"line":221,"column":2},"end":{"line":225,"column":3}},{"start":{},"end":{}}],"line":221},"7":{"loc":{"start":{"line":236,"column":2},"end":{"line":239,"column":3}},"type":"if","locations":[{"start":{"line":236,"column":2},"end":{"line":239,"column":3}},{"start":{},"end":{}}],"line":236},"8":{"loc":{"start":{"line":258,"column":9},"end":{"line":258,"column":43}},"type":"binary-expr","locations":[{"start":{"line":258,"column":9},"end":{"line":258,"column":35}},{"start":{"line":258,"column":39},"end":{"line":258,"column":43}}],"line":258},"9":{"loc":{"start":{"line":273,"column":38},"end":{"line":273,"column":58}},"type":"default-arg","locations":[{"start":{"line":273,"column":49},"end":{"line":273,"column":58}}],"line":273},"10":{"loc":{"start":{"line":274,"column":2},"end":{"line":280,"column":3}},"type":"if","locations":[{"start":{"line":274,"column":2},"end":{"line":280,"column":3}},{"start":{},"end":{}}],"line":274},"11":{"loc":{"start":{"line":275,"column":4},"end":{"line":277,"column":5}},"type":"if","locations":[{"start":{"line":275,"column":4},"end":{"line":277,"column":5}},{"start":{},"end":{}}],"line":275},"12":{"loc":{"start":{"line":299,"column":49},"end":{"line":299,"column":69}},"type":"default-arg","locations":[{"start":{"line":299,"column":60},"end":{"line":299,"column":69}}],"line":299},"13":{"loc":{"start":{"line":300,"column":2},"end":{"line":306,"column":3}},"type":"if","locations":[{"start":{"line":300,"column":2},"end":{"line":306,"column":3}},{"start":{},"end":{}}],"line":300},"14":{"loc":{"start":{"line":301,"column":4},"end":{"line":303,"column":5}},"type":"if","locations":[{"start":{"line":301,"column":4},"end":{"line":303,"column":5}},{"start":{},"end":{}}],"line":301},"15":{"loc":{"start":{"line":334,"column":6},"end":{"line":336,"column":7}},"type":"if","locations":[{"start":{"line":334,"column":6},"end":{"line":336,"column":7}},{"start":{},"end":{}}],"line":334},"16":{"loc":{"start":{"line":387,"column":0},"end":{"line":389,"column":1}},"type":"if","locations":[{"start":{"line":387,"column":0},"end":{"line":389,"column":1}},{"start":{},"end":{}}],"line":387},"17":{"loc":{"start":{"line":387,"column":4},"end":{"line":387,"column":51}},"type":"binary-expr","locations":[{"start":{"line":387,"column":4},"end":{"line":387,"column":33}},{"start":{"line":387,"column":37},"end":{"line":387,"column":51}}],"line":387},"18":{"loc":{"start":{"line":392,"column":0},"end":{"line":394,"column":1}},"type":"if","locations":[{"start":{"line":392,"column":0},"end":{"line":394,"column":1}},{"start":{},"end":{}}],"line":392}},"s":{"0":0,"1":0,"2":0,"3":0,"4":0,"5":0,"6":0,"7":0,"8":0,"9":0,"10":0,"11":0,"12":0,"13":0,"14":0,"15":0,"16":0,"17":0,"18":0,"19":0,"20":0,"21":0,"22":0,"23":0,"24":0,"25":0,"26":0,"27":0,"28":0,"29":0,"30":0,"31":0,"32":0,"33":0,"34":0,"35":0,"36":0,"37":0,"38":0,"39":0,"40":0,"41":0,"42":0,"43":0,"44":0,"45":0,"46":0,"47":0,"48":0,"49":0,"50":0,"51":0,"52":0,"53":0,"54":0,"55":0,"56":0,"57":0,"58":0,"59":0,"60":0,"61":0,"62":0,"63":0,"64":0,"65":0,"66":0,"67":0,"68":0,"69":0,"70":0,"71":0,"72":0,"73":0,"74":0,"75":0,"76":0,"77":0,"78":0,"79":0,"80":0,"81":0,"82":0,"83":0,"84":0,"85":0,"86":0,"87":0,"88":0,"89":0,"90":0,"91":0,"92":0,"93":0,"94":0},"f":{"0":0,"1":0,"2":0,"3":0,"4":0,"5":0,"6":0,"7":0,"8":0,"9":0,"10":0,"11":0,"12":0},"b":{"0":[0,0],"1":[0,0],"2":[0,0],"3":[0,0],"4":[0,0],"5":[0,0],"6":[0,0],"7":[0,0],"8":[0,0],"9":[0],"10":[0,0],"11":[0,0],"12":[0],"13":[0,0],"14":[0,0],"15":[0,0],"16":[0,0],"17":[0,0],"18":[0,0]},"inputSourceMap":null}
,"/media/yannick/971c2f08-d6ef-40aa-86cd-2db02962e9f5/Projects/thunderbird/QuickFilter/src/utils/health.js": {"path":"/media/yannick/971c2f08-d6ef-40aa-86cd-2db02962e9f5/Projects/thunderbird/QuickFilter/src/utils/health.js","statementMap":{"0":{"start":{"line":12,"column":23},"end":{"line":27,"column":1}},"1":{"start":{"line":33,"column":21},"end":{"line":45,"column":1}},"2":{"start":{"line":51,"column":22},"end":{"line":51,"column":26}},"3":{"start":{"line":57,"column":26},"end":{"line":57,"column":30}},"4":{"start":{"line":63,"column":30},"end":{"line":63,"column":43}},"5":{"start":{"line":75,"column":18},"end":{"line":83,"column":3}},"6":{"start":{"line":86,"column":2},"end":{"line":86,"column":46}},"7":{"start":{"line":89,"column":2},"end":{"line":89,"column":46}},"8":{"start":{"line":92,"column":2},"end":{"line":92,"column":54}},"9":{"start":{"line":95,"column":2},"end":{"line":95,"column":55}},"10":{"start":{"line":98,"column":2},"end":{"line":98,"column":52}},"11":{"start":{"line":101,"column":2},"end":{"line":101,"column":28}},"12":{"start":{"line":104,"column":2},"end":{"line":104,"column":28}},"13":{"start":{"line":106,"column":2},"end":{"line":106,"column":17}},"14":{"start":{"line":115,"column":17},"end":{"line":120,"column":3}},"15":{"start":{"line":122,"column":2},"end":{"line":144,"column":3}},"16":{"start":{"line":124,"column":17},"end":{"line":124,"column":61}},"17":{"start":{"line":124,"column":58},"end":{"line":124,"column":60}},"18":{"start":{"line":125,"column":4},"end":{"line":128,"column":5}},"19":{"start":{"line":126,"column":6},"end":{"line":126,"column":47}},"20":{"start":{"line":127,"column":6},"end":{"line":127,"column":44}},"21":{"start":{"line":131,"column":4},"end":{"line":134,"column":6}},"22":{"start":{"line":136,"column":4},"end":{"line":139,"column":5}},"23":{"start":{"line":137,"column":6},"end":{"line":137,"column":59}},"24":{"start":{"line":138,"column":6},"end":{"line":138,"column":44}},"25":{"start":{"line":142,"column":4},"end":{"line":142,"column":61}},"26":{"start":{"line":143,"column":4},"end":{"line":143,"column":42}},"27":{"start":{"line":146,"column":2},"end":{"line":146,"column":16}},"28":{"start":{"line":155,"column":17},"end":{"line":160,"column":3}},"29":{"start":{"line":163,"column":23},"end":{"line":169,"column":3}},"30":{"start":{"line":171,"column":2},"end":{"line":181,"column":5}},"31":{"start":{"line":172,"column":4},"end":{"line":175,"column":6}},"32":{"start":{"line":177,"column":4},"end":{"line":180,"column":5}},"33":{"start":{"line":178,"column":6},"end":{"line":178,"column":67}},"34":{"start":{"line":179,"column":6},"end":{"line":179,"column":44}},"35":{"start":{"line":184,"column":2},"end":{"line":187,"column":4}},"36":{"start":{"line":189,"column":2},"end":{"line":192,"column":3}},"37":{"start":{"line":190,"column":4},"end":{"line":190,"column":57}},"38":{"start":{"line":191,"column":4},"end":{"line":191,"column":42}},"39":{"start":{"line":194,"column":2},"end":{"line":194,"column":16}},"40":{"start":{"line":203,"column":17},"end":{"line":208,"column":3}},"41":{"start":{"line":210,"column":2},"end":{"line":230,"column":3}},"42":{"start":{"line":212,"column":4},"end":{"line":215,"column":6}},"43":{"start":{"line":217,"column":4},"end":{"line":225,"column":5}},"44":{"start":{"line":218,"column":6},"end":{"line":218,"column":55}},"45":{"start":{"line":219,"column":6},"end":{"line":219,"column":44}},"46":{"start":{"line":222,"column":6},"end":{"line":222,"column":67}},"47":{"start":{"line":223,"column":6},"end":{"line":223,"column":56}},"48":{"start":{"line":224,"column":6},"end":{"line":224,"column":47}},"49":{"start":{"line":228,"column":4},"end":{"line":228,"column":65}},"50":{"start":{"line":229,"column":4},"end":{"line":229,"column":42}},"51":{"start":{"line":232,"column":2},"end":{"line":232,"column":16}},"52":{"start":{"line":241,"column":17},"end":{"line":246,"column":3}},"53":{"start":{"line":249,"column":2},"end":{"line":252,"column":4}},"54":{"start":{"line":254,"column":2},"end":{"line":257,"column":3}},"55":{"start":{"line":255,"column":4},"end":{"line":255,"column":74}},"56":{"start":{"line":256,"column":4},"end":{"line":256,"column":42}},"57":{"start":{"line":260,"column":2},"end":{"line":263,"column":4}},"58":{"start":{"line":265,"column":2},"end":{"line":268,"column":3}},"59":{"start":{"line":266,"column":4},"end":{"line":266,"column":77}},"60":{"start":{"line":267,"column":4},"end":{"line":267,"column":42}},"61":{"start":{"line":270,"column":2},"end":{"line":270,"column":16}},"62":{"start":{"line":284,"column":18},"end":{"line":288,"column":3}},"63":{"start":{"line":291,"column":2},"end":{"line":301,"column":3}},"64":{"start":{"line":292,"column":4},"end":{"line":300,"column":5}},"65":{"start":{"line":293,"column":6},"end":{"line":293,"column":45}},"66":{"start":{"line":294,"column":6},"end":{"line":294,"column":43}},"67":{"start":{"line":295,"column":11},"end":{"line":300,"column":5}},"68":{"start":{"line":296,"column":6},"end":{"line":298,"column":7}},"69":{"start":{"line":297,"column":8},"end":{"line":297,"column":47}},"70":{"start":{"line":299,"column":6},"end":{"line":299,"column":45}},"71":{"start":{"line":303,"column":2},"end":{"line":303,"column":17}},"72":{"start":{"line":316,"column":2},"end":{"line":316,"column":48}},"73":{"start":{"line":317,"column":2},"end":{"line":317,"column":49}},"74":{"start":{"line":318,"column":2},"end":{"line":318,"column":59}},"75":{"start":{"line":320,"column":2},"end":{"line":323,"column":3}},"76":{"start":{"line":321,"column":4},"end":{"line":321,"column":47}},"77":{"start":{"line":322,"column":4},"end":{"line":322,"column":74}},"78":{"start":{"line":322,"column":44},"end":{"line":322,"column":72}},"79":{"start":{"line":325,"column":2},"end":{"line":328,"column":3}},"80":{"start":{"line":326,"column":4},"end":{"line":326,"column":39}},"81":{"start":{"line":327,"column":4},"end":{"line":327,"column":79}},"82":{"start":{"line":327,"column":48},"end":{"line":327,"column":77}},"83":{"start":{"line":330,"column":2},"end":{"line":330,"column":43}},"84":{"start":{"line":331,"column":2},"end":{"line":336,"column":3}},"85":{"start":{"line":332,"column":4},"end":{"line":332,"column":59}},"86":{"start":{"line":333,"column":4},"end":{"line":335,"column":5}},"87":{"start":{"line":334,"column":6},"end":{"line":334,"column":47}},"88":{"start":{"line":345,"column":2},"end":{"line":345,"column":25}},"89":{"start":{"line":358,"column":2},"end":{"line":361,"column":3}},"90":{"start":{"line":359,"column":4},"end":{"line":359,"column":68}},"91":{"start":{"line":360,"column":4},"end":{"line":360,"column":11}},"92":{"start":{"line":363,"column":2},"end":{"line":363,"column":95}},"93":{"start":{"line":364,"column":2},"end":{"line":368,"column":15}},"94":{"start":{"line":365,"column":4},"end":{"line":367,"column":7}},"95":{"start":{"line":366,"column":6},"end":{"line":366,"column":69}},"96":{"start":{"line":375,"column":2},"end":{"line":377,"column":3}},"97":{"start":{"line":376,"column":4},"end":{"line":376,"column":11}},"98":{"start":{"line":379,"column":2},"end":{"line":379,"column":58}},"99":{"start":{"line":380,"column":2},"end":{"line":380,"column":37}},"100":{"start":{"line":381,"column":2},"end":{"line":381,"column":29}},"101":{"start":{"line":390,"column":2},"end":{"line":390,"column":38}},"102":{"start":{"line":406,"column":2},"end":{"line":409,"column":3}},"103":{"start":{"line":407,"column":4},"end":{"line":407,"column":57}},"104":{"start":{"line":408,"column":4},"end":{"line":408,"column":11}},"105":{"start":{"line":411,"column":25},"end":{"line":411,"column":47}},"106":{"start":{"line":413,"column":2},"end":{"line":419,"column":5}},"107":{"start":{"line":428,"column":2},"end":{"line":430,"column":3}},"108":{"start":{"line":429,"column":4},"end":{"line":429,"column":11}},"109":{"start":{"line":432,"column":18},"end":{"line":434,"column":58}},"110":{"start":{"line":436,"column":2},"end":{"line":441,"column":4}},"111":{"start":{"line":450,"column":2},"end":{"line":452,"column":3}},"112":{"start":{"line":451,"column":4},"end":{"line":451,"column":11}},"113":{"start":{"line":454,"column":18},"end":{"line":456,"column":64}},"114":{"start":{"line":458,"column":2},"end":{"line":463,"column":4}},"115":{"start":{"line":477,"column":2},"end":{"line":508,"column":3}},"116":{"start":{"line":478,"column":4},"end":{"line":478,"column":64}},"117":{"start":{"line":481,"column":20},"end":{"line":481,"column":39}},"118":{"start":{"line":484,"column":4},"end":{"line":486,"column":5}},"119":{"start":{"line":485,"column":6},"end":{"line":485,"column":57}},"120":{"start":{"line":489,"column":4},"end":{"line":491,"column":5}},"121":{"start":{"line":490,"column":6},"end":{"line":490,"column":57}},"122":{"start":{"line":494,"column":4},"end":{"line":494,"column":32}},"123":{"start":{"line":496,"column":4},"end":{"line":496,"column":60}},"124":{"start":{"line":497,"column":4},"end":{"line":501,"column":6}},"125":{"start":{"line":503,"column":4},"end":{"line":503,"column":60}},"126":{"start":{"line":504,"column":4},"end":{"line":507,"column":6}},"127":{"start":{"line":516,"column":2},"end":{"line":516,"column":61}},"128":{"start":{"line":517,"column":2},"end":{"line":517,"column":29}},"129":{"start":{"line":518,"column":2},"end":{"line":518,"column":57}},"130":{"start":{"line":522,"column":15},"end":{"line":555,"column":1}},"131":{"start":{"line":558,"column":0},"end":{"line":560,"column":1}},"132":{"start":{"line":559,"column":2},"end":{"line":559,"column":26}},"133":{"start":{"line":563,"column":0},"end":{"line":565,"column":1}},"134":{"start":{"line":564,"column":2},"end":{"line":564,"column":38}}},"fnMap":{"0":{"name":"checkHealth","decl":{"start":{"line":74,"column":15},"end":{"line":74,"column":26}},"loc":{"start":{"line":74,"column":29},"end":{"line":107,"column":1}},"line":74},"1":{"name":"checkDOMHealth","decl":{"start":{"line":114,"column":15},"end":{"line":114,"column":29}},"loc":{"start":{"line":114,"column":32},"end":{"line":147,"column":1}},"line":114},"2":{"name":"(anonymous_2)","decl":{"start":{"line":124,"column":52},"end":{"line":124,"column":53}},"loc":{"start":{"line":124,"column":58},"end":{"line":124,"column":60}},"line":124},"3":{"name":"checkAPIHealth","decl":{"start":{"line":154,"column":15},"end":{"line":154,"column":29}},"loc":{"start":{"line":154,"column":32},"end":{"line":195,"column":1}},"line":154},"4":{"name":"(anonymous_4)","decl":{"start":{"line":171,"column":23},"end":{"line":171,"column":24}},"loc":{"start":{"line":171,"column":30},"end":{"line":181,"column":3}},"line":171},"5":{"name":"checkStorageHealth","decl":{"start":{"line":202,"column":15},"end":{"line":202,"column":33}},"loc":{"start":{"line":202,"column":36},"end":{"line":233,"column":1}},"line":202},"6":{"name":"checkFeatureHealth","decl":{"start":{"line":240,"column":15},"end":{"line":240,"column":33}},"loc":{"start":{"line":240,"column":36},"end":{"line":271,"column":1}},"line":240},"7":{"name":"determineOverallStatus","decl":{"start":{"line":283,"column":9},"end":{"line":283,"column":31}},"loc":{"start":{"line":283,"column":41},"end":{"line":304,"column":1}},"line":283},"8":{"name":"logHealthResults","decl":{"start":{"line":315,"column":9},"end":{"line":315,"column":25}},"loc":{"start":{"line":315,"column":35},"end":{"line":337,"column":1}},"line":315},"9":{"name":"(anonymous_9)","decl":{"start":{"line":322,"column":35},"end":{"line":322,"column":36}},"loc":{"start":{"line":322,"column":44},"end":{"line":322,"column":72}},"line":322},"10":{"name":"(anonymous_10)","decl":{"start":{"line":327,"column":37},"end":{"line":327,"column":38}},"loc":{"start":{"line":327,"column":48},"end":{"line":327,"column":77}},"line":327},"11":{"name":"getLastHealthCheck","decl":{"start":{"line":344,"column":9},"end":{"line":344,"column":27}},"loc":{"start":{"line":344,"column":30},"end":{"line":346,"column":1}},"line":344},"12":{"name":"startPeriodicHealthChecks","decl":{"start":{"line":357,"column":9},"end":{"line":357,"column":34}},"loc":{"start":{"line":357,"column":69},"end":{"line":369,"column":1}},"line":357},"13":{"name":"(anonymous_13)","decl":{"start":{"line":364,"column":36},"end":{"line":364,"column":37}},"loc":{"start":{"line":364,"column":42},"end":{"line":368,"column":3}},"line":364},"14":{"name":"(anonymous_14)","decl":{"start":{"line":365,"column":24},"end":{"line":365,"column":25}},"loc":{"start":{"line":365,"column":33},"end":{"line":367,"column":5}},"line":365},"15":{"name":"stopPeriodicHealthChecks","decl":{"start":{"line":374,"column":9},"end":{"line":374,"column":33}},"loc":{"start":{"line":374,"column":36},"end":{"line":382,"column":1}},"line":374},"16":{"name":"isPeriodicHealthChecksRunning","decl":{"start":{"line":389,"column":9},"end":{"line":389,"column":38}},"loc":{"start":{"line":389,"column":41},"end":{"line":391,"column":1}},"line":389},"17":{"name":"notifyIssue","decl":{"start":{"line":405,"column":15},"end":{"line":405,"column":26}},"loc":{"start":{"line":405,"column":65},"end":{"line":420,"column":1}},"line":405},"18":{"name":"notifyCriticalIssues","decl":{"start":{"line":427,"column":15},"end":{"line":427,"column":35}},"loc":{"start":{"line":427,"column":44},"end":{"line":442,"column":1}},"line":427},"19":{"name":"notifyDegradedMode","decl":{"start":{"line":449,"column":15},"end":{"line":449,"column":33}},"loc":{"start":{"line":449,"column":44},"end":{"line":464,"column":1}},"line":449},"20":{"name":"init","decl":{"start":{"line":476,"column":15},"end":{"line":476,"column":19}},"loc":{"start":{"line":476,"column":22},"end":{"line":509,"column":1}},"line":476},"21":{"name":"cleanup","decl":{"start":{"line":515,"column":9},"end":{"line":515,"column":16}},"loc":{"start":{"line":515,"column":19},"end":{"line":519,"column":1}},"line":515}},"branchMap":{"0":{"loc":{"start":{"line":125,"column":4},"end":{"line":128,"column":5}},"type":"if","locations":[{"start":{"line":125,"column":4},"end":{"line":128,"column":5}},{"start":{},"end":{}}],"line":125},"1":{"loc":{"start":{"line":136,"column":4},"end":{"line":139,"column":5}},"type":"if","locations":[{"start":{"line":136,"column":4},"end":{"line":139,"column":5}},{"start":{},"end":{}}],"line":136},"2":{"loc":{"start":{"line":177,"column":4},"end":{"line":180,"column":5}},"type":"if","locations":[{"start":{"line":177,"column":4},"end":{"line":180,"column":5}},{"start":{},"end":{}}],"line":177},"3":{"loc":{"start":{"line":189,"column":2},"end":{"line":192,"column":3}},"type":"if","locations":[{"start":{"line":189,"column":2},"end":{"line":192,"column":3}},{"start":{},"end":{}}],"line":189},"4":{"loc":{"start":{"line":217,"column":4},"end":{"line":225,"column":5}},"type":"if","locations":[{"start":{"line":217,"column":4},"end":{"line":225,"column":5}},{"start":{"line":220,"column":11},"end":{"line":225,"column":5}}],"line":217},"5":{"loc":{"start":{"line":254,"column":2},"end":{"line":257,"column":3}},"type":"if","locations":[{"start":{"line":254,"column":2},"end":{"line":257,"column":3}},{"start":{},"end":{}}],"line":254},"6":{"loc":{"start":{"line":265,"column":2},"end":{"line":268,"column":3}},"type":"if","locations":[{"start":{"line":265,"column":2},"end":{"line":268,"column":3}},{"start":{},"end":{}}],"line":265},"7":{"loc":{"start":{"line":292,"column":4},"end":{"line":300,"column":5}},"type":"if","locations":[{"start":{"line":292,"column":4},"end":{"line":300,"column":5}},{"start":{"line":295,"column":11},"end":{"line":300,"column":5}}],"line":292},"8":{"loc":{"start":{"line":295,"column":11},"end":{"line":300,"column":5}},"type":"if","locations":[{"start":{"line":295,"column":11},"end":{"line":300,"column":5}},{"start":{},"end":{}}],"line":295},"9":{"loc":{"start":{"line":296,"column":6},"end":{"line":298,"column":7}},"type":"if","locations":[{"start":{"line":296,"column":6},"end":{"line":298,"column":7}},{"start":{},"end":{}}],"line":296},"10":{"loc":{"start":{"line":320,"column":2},"end":{"line":323,"column":3}},"type":"if","locations":[{"start":{"line":320,"column":2},"end":{"line":323,"column":3}},{"start":{},"end":{}}],"line":320},"11":{"loc":{"start":{"line":325,"column":2},"end":{"line":328,"column":3}},"type":"if","locations":[{"start":{"line":325,"column":2},"end":{"line":328,"column":3}},{"start":{},"end":{}}],"line":325},"12":{"loc":{"start":{"line":333,"column":4},"end":{"line":335,"column":5}},"type":"if","locations":[{"start":{"line":333,"column":4},"end":{"line":335,"column":5}},{"start":{},"end":{}}],"line":333},"13":{"loc":{"start":{"line":357,"column":35},"end":{"line":357,"column":67}},"type":"default-arg","locations":[{"start":{"line":357,"column":46},"end":{"line":357,"column":67}}],"line":357},"14":{"loc":{"start":{"line":358,"column":2},"end":{"line":361,"column":3}},"type":"if","locations":[{"start":{"line":358,"column":2},"end":{"line":361,"column":3}},{"start":{},"end":{}}],"line":358},"15":{"loc":{"start":{"line":375,"column":2},"end":{"line":377,"column":3}},"type":"if","locations":[{"start":{"line":375,"column":2},"end":{"line":377,"column":3}},{"s
[...]
s","statementMap":{"0":{"start":{"line":22,"column":26},"end":{"line":27,"column":1}},"1":{"start":{"line":56,"column":28},"end":{"line":71,"column":1}},"2":{"start":{"line":83,"column":21},"end":{"line":83,"column":25}},"3":{"start":{"line":92,"column":2},"end":{"line":94,"column":3}},"4":{"start":{"line":93,"column":4},"end":{"line":93,"column":26}},"5":{"start":{"line":96,"column":2},"end":{"line":111,"column":3}},"6":{"start":{"line":97,"column":24},"end":{"line":97,"column":62}},"7":{"start":{"line":98,"column":26},"end":{"line":98,"column":86}},"8":{"start":{"line":100,"column":4},"end":{"line":100,"column":49}},"9":{"start":{"line":101,"column":4},"end":{"line":101,"column":26}},"10":{"start":{"line":103,"column":4},"end":{"line":103,"column":73}},"11":{"start":{"line":104,"column":4},"end":{"line":110,"column":6}},"12":{"start":{"line":121,"column":2},"end":{"line":141,"column":3}},"13":{"start":{"line":122,"column":18},"end":{"line":122,"column":73}},"14":{"start":{"line":122,"column":52},"end":{"line":122,"column":72}},"15":{"start":{"line":123,"column":46},"end":{"line":123,"column":51}},"16":{"start":{"line":125,"column":4},"end":{"line":131,"column":6}},"17":{"start":{"line":133,"column":4},"end":{"line":133,"column":85}},"18":{"start":{"line":134,"column":4},"end":{"line":140,"column":6}},"19":{"start":{"line":152,"column":2},"end":{"line":154,"column":3}},"20":{"start":{"line":153,"column":4},"end":{"line":153,"column":52}},"21":{"start":{"line":155,"column":2},"end":{"line":157,"column":3}},"22":{"start":{"line":156,"column":4},"end":{"line":156,"column":52}},"23":{"start":{"line":158,"column":2},"end":{"line":160,"column":3}},"24":{"start":{"line":159,"column":4},"end":{"line":159,"column":52}},"25":{"start":{"line":161,"column":2},"end":{"line":161,"column":11}},"26":{"start":{"line":171,"column":2},"end":{"line":173,"column":3}},"27":{"start":{"line":172,"column":4},"end":{"line":172,"column":39}},"28":{"start":{"line":176,"column":21},"end":{"line":182,"column":3}},"29":{"start":{"line":184,"column":2},"end":{"line":186,"column":3}},"30":{"start":{"line":185,"column":4},"end":{"line":185,"column":39}},"31":{"start":{"line":189,"column":21},"end":{"line":195,"column":3}},"32":{"start":{"line":197,"column":2},"end":{"line":199,"column":3}},"33":{"start":{"line":198,"column":4},"end":{"line":198,"column":39}},"34":{"start":{"line":201,"column":2},"end":{"line":201,"column":40}},"35":{"start":{"line":210,"column":18},"end":{"line":210,"column":47}},"36":{"start":{"line":211,"column":17},"end":{"line":211,"column":44}},"37":{"start":{"line":213,"column":2},"end":{"line":219,"column":4}},"38":{"start":{"line":229,"column":17},"end":{"line":229,"column":47}},"39":{"start":{"line":231,"column":2},"end":{"line":266,"column":3}},"40":{"start":{"line":233,"column":6},"end":{"line":233,"column":82}},"41":{"start":{"line":234,"column":6},"end":{"line":234,"column":69}},"42":{"start":{"line":235,"column":6},"end":{"line":242,"column":7}},"43":{"start":{"line":236,"column":8},"end":{"line":241,"column":11}},"44":{"start":{"line":243,"column":6},"end":{"line":243,"column":19}},"45":{"start":{"line":246,"column":6},"end":{"line":246,"column":82}},"46":{"start":{"line":247,"column":6},"end":{"line":247,"column":70}},"47":{"start":{"line":248,"column":6},"end":{"line":255,"column":7}},"48":{"start":{"line":249,"column":8},"end":{"line":254,"column":11}},"49":{"start":{"line":256,"column":6},"end":{"line":256,"column":19}},"50":{"start":{"line":259,"column":6},"end":{"line":259,"column":72}},"51":{"start":{"line":261,"column":6},"end":{"line":261,"column":18}},"52":{"start":{"line":264,"column":6},"end":{"line":264,"column":84}},"53":{"start":{"line":265,"column":6},"end":{"line":265,"column":18}},"54":{"start":{"line":277,"column":2},"end":{"line":285,"column":3}},"55":{"start":{"line":278,"column":4},"end":{"line":278,"column":19}},"56":{"start":{"line":279,"column":9},"end":{"line":285,"column":3}},"57":{"start":{"line":280,"column":4},"end":{"line":280,"column":22}},"58":{"start":{"line":281,"column":9},"end":{"line":285,"column":3}},"59":{"start":{"line":282,"column":4},"end":{"line":282,"column":22}},"60":{"start":{"line":284,"column":4},"end":{"line":284,"column":20}},"61":{"start":{"line":298,"column":26},"end":{"line":298,"column":30}},"62":{"start":{"line":306,"column":2},"end":{"line":308,"column":3}},"63":{"start":{"line":307,"column":4},"end":{"line":307,"column":31}},"64":{"start":{"line":310,"column":18},"end":{"line":310,"column":47}},"65":{"start":{"line":311,"column":23},"end":{"line":318,"column":3}},"66":{"start":{"line":320,"column":2},"end":{"line":320,"column":37}},"67":{"start":{"line":321,"column":2},"end":{"line":321,"column":22}},"68":{"start":{"line":331,"column":19},"end":{"line":331,"column":41}},"69":{"start":{"line":332,"column":2},"end":{"line":332,"column":40}},"70":{"start":{"line":341,"column":18},"end":{"line":341,"column":47}},"71":{"start":{"line":342,"column":2},"end":{"line":342,"column":37}},"72":{"start":{"line":357,"column":2},"end":{"line":376,"column":3}},"73":{"start":{"line":358,"column":4},"end":{"line":360,"column":5}},"74":{"start":{"line":359,"column":6},"end":{"line":359,"column":19}},"75":{"start":{"line":362,"column":18},"end":{"line":362,"column":36}},"76":{"start":{"line":363,"column":18},"end":{"line":363,"column":25}},"77":{"start":{"line":365,"column":4},"end":{"line":370,"column":5}},"78":{"start":{"line":366,"column":6},"end":{"line":368,"column":7}},"79":{"start":{"line":367,"column":8},"end":{"line":367,"column":21}},"80":{"start":{"line":369,"column":6},"end":{"line":369,"column":30}},"81":{"start":{"line":372,"column":4},"end":{"line":372,"column":16}},"82":{"start":{"line":374,"column":4},"end":{"line":374,"column":67}},"83":{"start":{"line":375,"column":4},"end":{"line":375,"column":17}},"84":{"start":{"line":385,"column":2},"end":{"line":396,"column":4}},"85":{"start":{"line":405,"column":23},"end":{"line":405,"column":49}},"86":{"start":{"line":406,"column":19},"end":{"line":406,"column":62}},"87":{"start":{"line":408,"column":2},"end":{"line":408,"column":59}},"88":{"start":{"line":408,"column":31},"end":{"line":408,"column":57}},"89":{"start":{"line":418,"column":2},"end":{"line":427,"column":3}},"90":{"start":{"line":419,"column":4},"end":{"line":423,"column":6}},"91":{"start":{"line":425,"column":4},"end":{"line":425,"column":68}},"92":{"start":{"line":426,"column":4},"end":{"line":426,"column":17}},"93":{"start":{"line":441,"column":2},"end":{"line":467,"column":3}},"94":{"start":{"line":442,"column":20},"end":{"line":442,"column":49}},"95":{"start":{"line":443,"column":21},"end":{"line":443,"column":43}},"96":{"start":{"line":444,"column":22},"end":{"line":444,"column":48}},"97":{"start":{"line":445,"column":26},"end":{"line":445,"column":56}},"98":{"start":{"line":446,"column":25},"end":{"line":446,"column":47}},"99":{"start":{"line":448,"column":4},"end":{"line":448,"column":54}},"100":{"start":{"line":449,"column":4},"end":{"line":449,"column":44}},"101":{"start":{"line":450,"column":4},"end":{"line":450,"column":58}},"102":{"start":{"line":451,"column":4},"end":{"line":451,"column":57}},"103":{"start":{"line":452,"column":4},"end":{"line":452,"column":54}},"104":{"start":{"line":454,"column":4},"end":{"line":460,"column":6}},"105":{"start":{"line":462,"column":4},"end":{"line":462,"column":61}},"106":{"start":{"line":463,"column":4},"end":{"line":466,"column":6}},"107":{"start":{"line":471,"column":16},"end":{"line":498,"column":1}},"108":{"start":{"line":501,"column":0},"end":{"line":503,"column":1}},"109":{"start":{"line":502,"column":2},"end":{"line":502,"column":27}},"110":{"start":{"line":506,"column":0},"end":{"line":508,"column":1}},"111":{"start":{"line":507,"column":2},"end":{"line":507,"column":40}}},"fnMap":{"0":{"name":"getThunderbirdVersion","decl":{"start":{"line":91,"column":15},"end":{"line":91,"column":36}},"loc":{"start":{"line":91,"column":39},"end":{"line":112,"column":1}},"line":91},"1":{"name":"parseVersion","decl":{"start":{"line":120,"column":9},"end":{"line":120,"column":21}},"loc":{"start":{"line":120,"column":37},"end":{"line":142,"column":1}},"line":120},"2":{"name":"(anonymous_2)","decl":{"start":{"line":122,"column":47},"end":{"line":122,"column":48}},"loc":{"start":{"line":122,"column":52},"end":{"line":122,"column":72}},"line":122},"3":{"name":"compareVersions","decl":{"start":{"line":151,"column":9},"end":{"line":151,"column":24}},"loc":{"start":{"line":151,"column":45},"end":{"line":162,"column":1}},"line":151},"4":{"name":"checkCompatibility","decl":{"start":{"line":170,"column":9},"end":{"line":170,"column":27}},"loc":{"start":{"line":170,"column":37},"end":{"line":202,"column":1}},"line":170},"5":{"name":"getCompatibilityStatus","decl":{"start":{"line":209,"column":15},"end":{"line":209,"column":37}},"loc":{"start":{"line":209,"column":40},"end":{"line":220,"column":1}},"line":209},"6":{"name":"enforceVersion","decl":{"start":{"line":228,"column":15},"end":{"line":228,"column":29}},"loc":{"start":{"line":228,"column":32},"end":{"line":267,"column":1}},"line":228},"7":{"name":"getVersionCodePath","decl":{"start":{"line":276,"column":9},"end":{"line":276,"column":27}},"loc":{"start":{"line":276,"column":37},"end":{"line":286,"column":1}},"line":276},"8":{"name":"detectFeatures","decl":{"start":{"line":305,"column":15},"end":{"line":305,"column":29}},"loc":{"start":{"line":305,"column":32},"end":{"line":322,"column":1}},"line":305},"9":{"name":"isFeatureAvailable","decl":{"start":{"line":330,"column":15},"end":{"line":330,"column":33}},"loc":{"start":{"line":330,"column":47},"end":{"line":333,"column":1}},"line":330},"10":{"name":"getCodePath","decl":{"start":{"line":340,"column":15},"end":{"line":340,"column":26}},"loc":{"start":{"line":340,"column":29},"end":{"line":343,"column":1}},"line":340},"11":{"name":"checkAPIAvailable","decl":{"start":{"line":356,"column":9},"end":{"line":356,"column":26}},"loc":{"start":{"line":356,"column":36},"end":{"line":377,"column":1}},"line":356},"12":{"name":"getAPIAvailability","decl":{"start":{"line":384,"column":15},"end":{"line":384,"column":33}},"loc":{"start":{"line":384,"column":36},"end":{"line":397,"column":1}},"line":384},"13":{"name":"checkRequiredAPIs","decl":{"start":{"line":404,"column":15},"end":{"line":404,"column":32}},"loc":{"start":{"line":404,"column":35},"end":{"line":409,"column":1}},"line":404},"14":{"name":"(anonymous_14)","decl":{"start":{"line":408,"column":24},"end":{"line":408,"column":25}},"loc":{"start":{"line":408,"column":31},"end":{"line":408,"column":57}},"line":408},"15":{"name":"checkExperimentalAPI","decl":{"start":{"line":417,"column":9},"end":{"line":417,"column":29}},"loc":{"start":{"line":417,"column":32},"end":{"line":428,"column":1}},"line":417},"16":{"name":"initVersionDetection","decl":{"start":{"line":440,"column":15},"end":{"line":440,"column":35}},"loc":{"start":{"line":440,"column":38},"end":{"line":468,"column":1}},"line":440}},"branchMap":{"0":{"loc":{"start":{"line":92,"column":2},"end":{"line":94,"column":3}},"type":"if","locations":[{"start":{"line":92,"column":2},"end":{"line":94,"column":3}},{"start":{},"end":{}}],"line":92},"1":{"loc":{"start":{"line":98,"column":26},"end":{"line":98,"column":86}},"type":"binary-expr","locations":[{"start":{"line":98,"column":26},"end":{"line":98,"column":45}},{"start":{"line":98,"column":49},"end":{"line":98,"column":75}},{"start":{"line":98,"column":79},"end":{"line":98,"column":86}}],"line":98},"2":{"loc":{"start":{"line":122,"column":52},"end":{"line":122,"column":72}},"type":"binary-expr","locations":[{"start":{"line":122,"column":52},"end":{"line":122,"column":67}},{"start":{"line":122,"column":71},"end":{"line":122,"column":72}}],"line":122},"3":{"loc":{"start":{"line":123,"column":11},"end":{"line":123,"column":20}},"type":"default-arg","locations":[{"start":{"line":123,"column":19},"end":{"line":123,"column":20}}],"line":123},"4":{"loc":{"start":{"line":123,"column":22},"end":{"line":123,"column":31}},"type":"default-arg","locations":[{"start":{"line":123,"column":30},"end":{"line":123,"column":31}}],"line":123},"5":{"loc":{"start":{"line":123,"column":33},"end":{"line":123,"column":42}},"type":"default-arg","locations":[{"start":{"line":123,"column":41},"end":{"line":123,"column":42}}],"line":123},"6":{"loc":{"start":{"line":152,"column":2},"end":{"line":154,"column":3}},"type":"if","locations":[{"start":{"line":152,"column":2},"end":{"line":154,"column":3}},{"start":{},"end":{}}],"line":152},"7":{"loc":{"start":{"line":153,"column":11},"end":{"line":153,"column":51}},"type":"cond-expr","locations":[{"start":{"line":153,"column":45},"end":{"line":153,"column":47}},{"start":{"line":153,"column":50},"end":{"line":153,"column":51}}],"line":153},"8":{"loc":{"start":{"line":155,"column":2},"end":{"line":157,"column":3}},"type":"if","locations":[{"start":{"line":155,"column":2},"end":{"line":157,"column":3}},{"start":{},"end":{}}],"line":155},"9":{"loc":{"start":{"line":156,"column":11},"end":{"line":156,"column":51}},"type":"cond-expr","locations":[{"start":{"line":156,"column":45},"end":{"line":156,"column":47}},{"start":{"line":156,"column":50},"end":{"line":156,"column":51}}],"line":156},"10":{"loc":{"start":{"line":158,"column":2},"end":{"line":160,"column":3}},"type":"if","locations":[{"start":{"line":158,"column":2},"end":{"line":160,"column":3}},{"start":{},"end":{}}],"line":158},"11":{"loc":{"start":{"line":159,"column":11},"end":{"line":159,"column":51}},"type":"cond-expr","locations":[{"start":{"line":159,"column":45},"end":{"line":159,"column":47}},{"start":{"line":159,"column":50},"end":{"line":159,"column":51}}],"line":159},"12":{"loc":{"start":{"line":171,"column":2},"end":{"line":173,"column":3}},"type":"if","locations":[{"start":{"line":171,"column":2},"end":{"line":173,"column":3}},{"start":{},"end":{}}],"line":171},"13":{"loc":{"start":{"line":171,"column":6},"end":{"line":171,"column":37}},"type":"binary-expr","locations":[{"start":{"line":171,"column":6},"end":{"line":171,"column":14}},{"start":{"line":171,"column":18},"end":{"line":171,"column":37}}],"line":171},"14":{"loc":{"start":{"line":184,"column":2},"end":{"line":186,"column":3}},"type":"if","locations":[{"start":{"line":184,"column":2},"end":{"line":186,"column":3}},{"start":{},"end":{}}],"line":184},"15":{"loc":{"start":{"line":197,"column":2},"end":{"line":199,"column":3}},"type":"if","locations":[{"start":{"line":197,"column":2},"end":{"line":199,"column":3}},{"start":{},"end":{}}],"line":197},"16":{"loc":{"start":{"line":216,"column":18},"end":{"line":216,"column":102}},"type":"binary-expr","locations":[{"start":{"line":216,"column":18},"end":{"line":216,"column":59}},{"start":{"line":216,"column":63},"end":{"line":216,"column":102}}],"line":216},"17":{"loc":{"start":{"line":231,"column":2},"end":{"line":266,"column":3}},"type":"switch","locations":[{"start":{"line":232,"column":4},"end":{"line":243,"column":19}},{"start":{"line":245,"column":4},"end":{"line":256,"column":19}},{"start":{"line":258,"column":4},"end":{"line":261,"column":18}},{"start":{"line":263,"column":4},"end":{"line":265,"column":18}}],"line":231},"18":{"loc":{"start":{"line":235,"column":6},"end":{"line":242,"column":7}},"type":"if","locations":[{"start":{"line":235,"column":6},"end":{"line":242,"column":7}},{"start":{},"end":{}}],"line":235},"19":{"loc":{"start":{"line":238,"column":19},"end":{"line":238,"column":61}},"type":"binary-expr","locations":[{"start":{"line":238,"column":19},"end":{"line":238,"column":55}},{"start":{"line":238,"column":59},"end":{"line":238,"column":61}}],"line":238},"20":{"loc":{"start":{"line":248,"column":6},"end":{"line":255,"column":7}},"type":"if","locations":[{"start":{"line":248,"column":6},"end":{"line":255,"column":7}},{"start":{},"end":{}}],"line":248},"21":{"loc":{"start":{"line":251,"column":19},"end":{"line":251,"column":61}},"type":"binary-expr","locations":[{"start":{"line":251,"column":19},"end":{"line":251,"column":55}},{"start":{"line":251,"column":59},"end":{"line":251,"column":61}}],"line":251},"22":{"loc":{"start":{"line":277,"column":2},"end":{"line":285,"column":3}},"type":"if","locations":[{"start":{"line":277,"column":2},"end":{"line":285,"column":3}},{"start":{"line":279,"column":9},"end":{"line":285,"column":3}}],"line":277},"23":{"loc":{"start":{"line":279,"column":9},"end":{"line":285,"column":3}},"type":"if","locations":[{"start":{"line":279,"column":9},"end":{"line":285,"column":3}},{"start":{"line":281,"column":9},"end":{"line":285,"column":3}}],"line":279},"24":{"loc":{"start":{"line":281,"column":9},"end":{"line":285,"column":3}},"type":"if","locations":[{"start":{"line":281,"column":9},"end":{"line":285,"column":3}},{"start":{"line":283,"column":9},"end":{"line":285,"column":3}}],"line":281},"25":{"loc":{"start":{"line":306,"column":2},"end":{"line":308,"column":3}},"type":"if","locations":[{"start":{"line":306,"column":2},"end":{"line":308,"column":3}},{"start":{},"end":{}}],"line":306},"26":{"loc":{"start":{"line":358,"column":4},"end":{"line":360,"column":5}},"type":"if","locations":[{"start":{"line":358,"column":4},"end":{"line":360,"column":5}},{"start":{},"end":{}}],"line":358},"27":{"loc":{"start":{"line":366,"column":6},"end":{"line":368,"column":7}},"type":"if","locations":[{"start":{"line":366,"column":6},"end":{"line":368,"column":7}},{"start":{},"end":{}}],"line":366},"28":{"loc":{"start":{"line":366,"column":10},"end":{"line":366,"column":36}},"type":"binary-expr","locations":[{"start":{"line":366,"column":10},"end":{"line":366,"column":18}},{"start":{"line":366,"column":22},"end":{"line":366,"column":36}}],"line":366},"29":{"loc":{"start":{"line":420,"column":6},"end":{"line":422,"column":37}},"type":"binary-expr","locations":[{"start":{"line":420,"column":6},"end":{"line":420,"column":44}},{"start":{"line":421,"column":6},"end":{"line":421,"column":57}},{"start":{"line":422,"column":6},"end":{"line":422,"column":37}}],"line":420},"30":{"loc":{"start":{"line":501,"column":0},"end":{"line":503,"column":1}},"type":"if","locations":[{"start":{"line":501,"column":0},"end":{"line":503,"column":1}},{"start":{},"end":{}}],"line":501},"31":{"loc":{"start":{"line":501,"column":4},"end":{"line":501,"column":51}},"type":"binary-expr","locations":[{"start":{"line":501,"column":4},"end":{"line":501,"column":33}},{"start":{"line":501,"column":37},"end":{"line":501,"column":51}}],"line":501},"32":{"loc":{"start":{"line":506,"column":0},"end":{"line":508,"column":1}},"type":"if","locations":[{"start":{"line":506,"column":0},"end":{"line":508,"column":1}},{"start":{},"end":{}}],"line":506}},"s":{"0":0,"1":0,"2":0,"3":0,"4":0,"5":0,"6":0,"7":0,"8":0,"9":0,"10":0,"11":0,"12":0,"13":0,"14":0,"15":0,"16":0,"17":0,"18":0,"19":0,"20":0,"21":0,"22":0,"23":0,"24":0,"25":0,"26":0,"27":0,"28":0,"29":0,"30":0,"31":0,"32":0,"33":0,"34":0,"35":0,"36":0,"37":0,"38":0,"39":0,"40":0,"41":0,"42":0,"43":0,"44":0,"45":0,"46":0,"47":0,"48":0,"49":0,"50":0,"51":0,"52":0,"53":0,"54":0,"55":0,"56":0,"57":0,"58":0,"59":0,"60":0,"61":0,"62":0,"63":0,"64":0,"65":0,"66":0,"67":0,"68":0,"69":0,"70":0,"71":0,"72":0,"73":0,"74":0,"75":0,"76":0,"77":0,"78":0,"79":0,"80":0,"81":0,"82":0,"83":0,"84":0,"85":0,"86":0,"87":0,"88":0,"89":0,"90":0,"91":0,"92":0,"93":0,"94":0,"95":0,"96":0,"97":0,"98":0,"99":0,"100":0,"101":0,"102":0,"103":0,"104":0,"105":0,"106":0,"107":0,"108":0,"109":0,"110":0,"111":0},"f":{"0":0,"1":0,"2":0,"3":0,"4":0,"5":0,"6":0,"7":0,"8":0,"9":0,"10":0,"11":0,"12":0,"13":0,"14":0,"15":0,"16":0},"b":{"0":[0,0],"1":[0,0,0],"2":[0,0],"3":[0],"4":[0],"5":[0],"6":[0,0],"7":[0,0],"8":[0,0],"9":[0,0],"10":[0,0],"11":[0,0],"12":[0,0],"13":[0,0],"14":[0,0],"15":[0,0],"16":[0,0],"17":[0,0,0,0],"18":[0,0],"19":[0,0],"20":[0,0],"21":[0,0],"22":[0,0],"23":[0,0],"24":[0,0],"25":[0,0],"26":[0,0],"27":[0,0],"28":[0,0],"29":[0,0,0],"30":[0,0],"31":[0,0],"32":[0,0]},"inputSourceMap":null}
}
