TN:
SF:src/utils/dom.js
FN:56,findElement
FN:80,(anonymous_1)
FN:97,findElements
FN:117,discoverColumns
FN:144,(anonymous_4)
FN:146,(anonymous_5)
FN:178,getColumnType
FN:201,getColumnMapping
FN:209,clearColumnCache
FN:220,refreshColumnCache
FN:234,generateListenerId
FN:247,addListener
FN:267,removeListener
FN:289,removeAllListeners
FN:292,(anonymous_14)
FN:309,getListenerCount
FN:328,createObserver
FN:350,disconnectAllObservers
FN:353,(anonymous_18)
FN:372,debounce
FN:375,(anonymous_20)
FN:377,(anonymous_21)
FN:393,observeColumnChanges
FN:402,(anonymous_23)
FN:409,(anonymous_24)
FN:411,(anonymous_25)
FN:412,(anonymous_26)
FN:415,(anonymous_27)
FN:450,observeLayoutChanges
FN:451,(anonymous_29)
FN:458,(anonymous_30)
FN:466,(anonymous_31)
FN:471,(anonymous_32)
FN:479,(anonymous_33)
FN:495,cleanup
FNF:35
FNH:29
FNDA:5,findElement
FNDA:2,(anonymous_1)
FNDA:8,findElements
FNDA:14,discoverColumns
FNDA:5,(anonymous_4)
FNDA:10,(anonymous_5)
FNDA:15,getColumnType
FNDA:5,getColumnMapping
FNDA:77,clearColumnCache
FNDA:2,refreshColumnCache
FNDA:23,generateListenerId
FNDA:23,addListener
FNDA:6,removeListener
FNDA:69,removeAllListeners
FNDA:18,(anonymous_14)
FNDA:7,getListenerCount
FNDA:9,createObserver
FNDA:69,disconnectAllObservers
FNDA:10,(anonymous_18)
FNDA:9,debounce
FNDA:7,(anonymous_20)
FNDA:4,(anonymous_21)
FNDA:4,observeColumnChanges
FNDA:0,(anonymous_23)
FNDA:0,(anonymous_24)
FNDA:0,(anonymous_25)
FNDA:0,(anonymous_26)
FNDA:0,(anonymous_27)
FNDA:4,observeLayoutChanges
FNDA:1,(anonymous_29)
FNDA:1,(anonymous_30)
FNDA:0,(anonymous_31)
FNDA:2,(anonymous_32)
FNDA:2,(anonymous_33)
FNDA:66,cleanup
DA:24,1
DA:31,1
DA:38,1
DA:61,5
DA:63,5
DA:65,5
DA:66,8
DA:67,8
DA:68,6
DA:69,4
DA:70,4
DA:74,2
DA:75,0
DA:76,0
DA:80,2
DA:82,2
DA:86,1
DA:87,1
DA:98,8
DA:99,8
DA:101,1
DA:102,1
DA:118,14
DA:120,14
DA:121,1
DA:124,13
DA:127,13
DA:128,13
DA:129,8
DA:130,8
DA:131,8
DA:135,5
DA:136,5
DA:144,5
DA:145,5
DA:146,5
DA:148,10
DA:150,5
DA:151,2
DA:152,3
DA:153,1
DA:154,2
DA:155,2
DA:156,2
DA:162,3
DA:163,3
DA:164,3
DA:166,2
DA:167,2
DA:168,2
DA:179,15
DA:181,12
DA:183,12
DA:184,3
DA:185,9
DA:186,3
DA:187,6
DA:188,2
DA:189,4
DA:190,2
DA:193,2
DA:202,5
DA:210,77
DA:211,77
DA:221,2
DA:222,2
DA:235,23
DA:248,23
DA:250,23
DA:251,23
DA:252,22
DA:253,22
DA:254,22
DA:256,1
DA:257,1
DA:268,6
DA:269,6
DA:270,1
DA:271,1
DA:274,5
DA:275,5
DA:276,4
DA:277,4
DA:278,4
DA:280,1
DA:281,1
DA:290,69
DA:292,69
DA:293,18
DA:294,18
DA:296,3
DA:300,69
DA:301,69
DA:310,7
DA:329,9
DA:335,9
DA:336,9
DA:337,9
DA:338,8
DA:339,8
DA:340,8
DA:342,1
DA:343,1
DA:351,69
DA:353,69
DA:354,10
DA:355,10
DA:357,1
DA:361,69
DA:362,69
DA:375,9
DA:376,7
DA:377,7
DA:394,4
DA:395,4
DA:396,4
DA:397,2
DA:398,2
DA:402,2
DA:403,0
DA:404,0
DA:405,0
DA:409,2
DA:411,0
DA:412,0
DA:413,0
DA:416,0
DA:421,0
DA:422,0
DA:427,2
DA:433,2
DA:434,2
DA:435,2
DA:437,0
DA:438,0
DA:451,4
DA:452,1
DA:453,1
DA:454,1
DA:458,4
DA:459,4
DA:460,4
DA:463,4
DA:464,4
DA:465,4
DA:466,4
DA:468,4
DA:469,4
DA:470,4
DA:471,2
DA:476,4
DA:478,4
DA:480,2
DA:481,2
DA:482,2
DA:496,66
DA:499,66
DA:502,66
DA:505,66
DA:507,66
DA:515,1
DA:547,1
DA:548,1
DA:552,1
DA:553,1
LF:165
LH:152
BRDA:56,0,0,3
BRDA:58,1,0,3
BRDA:59,2,0,3
BRDA:60,3,0,5
BRDA:68,4,0,4
BRDA:68,4,1,2
BRDA:74,5,0,0
BRDA:74,5,1,2
BRDA:120,6,0,1
BRDA:120,6,1,13
BRDA:128,7,0,8
BRDA:128,7,1,5
BRDA:145,8,0,5
BRDA:145,8,1,0
BRDA:148,9,0,5
BRDA:148,9,1,5
BRDA:150,10,0,2
BRDA:150,10,1,3
BRDA:152,11,0,1
BRDA:152,11,1,2
BRDA:154,12,0,2
BRDA:154,12,1,0
BRDA:154,13,0,2
BRDA:154,13,1,1
BRDA:179,14,0,3
BRDA:179,14,1,12
BRDA:183,15,0,3
BRDA:183,15,1,9
BRDA:185,16,0,3
BRDA:185,16,1,6
BRDA:187,17,0,2
BRDA:187,17,1,4
BRDA:189,18,0,2
BRDA:189,18,1,2
BRDA:269,19,0,1
BRDA:269,19,1,5
BRDA:328,20,0,8
BRDA:396,21,0,2
BRDA:396,21,1,2
BRDA:396,22,0,4
BRDA:396,22,1,3
BRDA:405,23,0,0
BRDA:405,23,1,0
BRDA:412,24,0,0
BRDA:412,24,1,0
BRDA:413,25,0,0
BRDA:413,25,1,0
BRDA:413,25,2,0
BRDA:416,26,0,0
BRDA:416,26,1,0
BRDA:416,26,2,0
BRDA:421,27,0,0
BRDA:421,27,1,0
BRDA:454,28,0,1
BRDA:454,28,1,0
BRDA:464,29,0,4
BRDA:464,29,1,0
BRDA:468,30,0,4
BRDA:468,30,1,0
BRDA:480,31,0,2
BRDA:480,31,1,0
BRDA:481,32,0,2
BRDA:481,32,1,0
BRDA:547,33,0,1
BRDA:547,33,1,0
BRDA:547,34,0,1
BRDA:547,34,1,1
BRDA:552,35,0,1
BRDA:552,35,1,0
BRF:69
BRH:47
end_of_record
TN:
SF:src/utils/errors.js
FN:64,logError
FN:101,showErrorNotification
FN:116,(anonymous_2)
FN:144,wrapAsync
FN:147,(anonymous_4)
FN:177,wrapSync
FN:180,(anonymous_6)
FN:206,validateNotNull
FN:221,validateType
FN:236,validateString
FN:253,validateNumber
FN:270,createError
FN:288,normalizeError
FN:326,isApiAvailable
FN:349,assert
FNF:15
FNH:0
FNDA:0,logError
FNDA:0,showErrorNotification
FNDA:0,(anonymous_2)
FNDA:0,wrapAsync
FNDA:0,(anonymous_4)
FNDA:0,wrapSync
FNDA:0,(anonymous_6)
FNDA:0,validateNotNull
FNDA:0,validateType
FNDA:0,validateString
FNDA:0,validateNumber
FNDA:0,createError
FNDA:0,normalizeError
FNDA:0,isApiAvailable
FNDA:0,assert
DA:12,0
DA:33,0
DA:66,0
DA:69,0
DA:70,0
DA:71,0
DA:74,0
DA:76,0
DA:77,0
DA:79,0
DA:80,0
DA:82,0
DA:83,0
DA:85,0
DA:86,0
DA:88,0
DA:102,0
DA:104,0
DA:106,0
DA:107,0
DA:115,0
DA:116,0
DA:123,0
DA:127,0
DA:128,0
DA:145,0
DA:147,0
DA:148,0
DA:149,0
DA:151,0
DA:160,0
DA:161,0
DA:178,0
DA:180,0
DA:181,0
DA:182,0
DA:184,0
DA:193,0
DA:194,0
DA:207,0
DA:208,0
DA:210,0
DA:222,0
DA:223,0
DA:224,0
DA:226,0
DA:237,0
DA:238,0
DA:239,0
DA:241,0
DA:254,0
DA:255,0
DA:256,0
DA:258,0
DA:271,0
DA:290,0
DA:291,0
DA:298,0
DA:299,0
DA:310,0
DA:327,0
DA:328,0
DA:329,0
DA:330,0
DA:331,0
DA:332,0
DA:334,0
DA:336,0
DA:338,0
DA:350,0
DA:351,0
DA:356,0
DA:374,0
DA:375,0
DA:379,0
DA:380,0
LF:76
LH:0
BRDA:64,0,0,0
BRDA:71,1,0,0
BRDA:71,1,1,0
BRDA:74,2,0,0
BRDA:74,2,1,0
BRDA:74,2,2,0
BRDA:74,2,3,0
BRDA:74,2,4,0
BRDA:76,3,0,0
BRDA:76,3,1,0
BRDA:79,4,0,0
BRDA:79,4,1,0
BRDA:101,5,0,0
BRDA:102,6,0,0
BRDA:102,7,0,0
BRDA:106,8,0,0
BRDA:106,8,1,0
BRDA:106,9,0,0
BRDA:106,9,1,0
BRDA:109,10,0,0
BRDA:109,10,1,0
BRDA:115,11,0,0
BRDA:115,11,1,0
BRDA:144,12,0,0
BRDA:145,13,0,0
BRDA:145,14,0,0
BRDA:145,15,0,0
BRDA:177,16,0,0
BRDA:178,17,0,0
BRDA:178,18,0,0
BRDA:178,19,0,0
BRDA:206,20,0,0
BRDA:207,21,0,0
BRDA:207,21,1,0
BRDA:207,22,0,0
BRDA:207,22,1,0
BRDA:221,23,0,0
BRDA:223,24,0,0
BRDA:223,24,1,0
BRDA:236,25,0,0
BRDA:238,26,0,0
BRDA:238,26,1,0
BRDA:253,27,0,0
BRDA:253,28,0,0
BRDA:253,29,0,0
BRDA:255,30,0,0
BRDA:255,30,1,0
BRDA:255,31,0,0
BRDA:255,31,1,0
BRDA:270,32,0,0
BRDA:277,33,0,0
BRDA:277,33,1,0
BRDA:288,34,0,0
BRDA:290,35,0,0
BRDA:290,35,1,0
BRDA:290,36,0,0
BRDA:290,36,1,0
BRDA:290,36,2,0
BRDA:290,36,3,0
BRDA:298,37,0,0
BRDA:298,37,1,0
BRDA:302,38,0,0
BRDA:302,38,1,0
BRDA:305,39,0,0
BRDA:305,39,1,0
BRDA:316,40,0,0
BRDA:316,40,1,0
BRDA:331,41,0,0
BRDA:331,41,1,0
BRDA:349,42,0,0
BRDA:350,43,0,0
BRDA:350,43,1,0
BRDA:374,44,0,0
BRDA:374,44,1,0
BRDA:374,45,0,0
BRDA:374,45,1,0
BRDA:379,46,0,0
BRDA:379,46,1,0
BRF:78
BRH:0
end_of_record
TN:
SF:src/utils/features.js
FN:82,detectAvailableFeatures
FN:128,isFeatureAvailable
FN:138,isFeatureEnabled
FN:153,enableFeature
FN:177,disableFeature
FN:195,toggleFeature
FN:210,recordFeatureFailure
FN:235,resetFeatureFailures
FN:247,getAllFeatureStates
FN:257,getFeatureState
FN:273,withFeature
FN:299,withFeatureAsync
FN:327,init
FNF:13
FNH:0
FNDA:0,detectAvailableFeatures
FNDA:0,isFeatureAvailable
FNDA:0,isFeatureEnabled
FNDA:0,enableFeature
FNDA:0,disableFeature
FNDA:0,toggleFeature
FNDA:0,recordFeatureFailure
FNDA:0,resetFeatureFailures
FNDA:0,getAllFeatureStates
FNDA:0,getFeatureState
FNDA:0,withFeature
FNDA:0,withFeatureAsync
FNDA:0,init
DA:12,0
DA:48,0
DA:65,0
DA:71,0
DA:83,0
DA:86,0
DA:87,0
DA:90,0
DA:94,0
DA:95,0
DA:98,0
DA:102,0
DA:103,0
DA:104,0
DA:106,0
DA:110,0
DA:111,0
DA:112,0
DA:113,0
DA:114,0
DA:115,0
DA:116,0
DA:118,0
DA:119,0
DA:129,0
DA:139,0
DA:154,0
DA:155,0
DA:156,0
DA:159,0
DA:160,0
DA:161,0
DA:164,0
DA:165,0
DA:167,0
DA:168,0
DA:178,0
DA:179,0
DA:180,0
DA:183,0
DA:185,0
DA:186,0
DA:196,0
DA:197,0
DA:199,0
DA:211,0
DA:212,0
DA:215,0
DA:216,0
DA:218,0
DA:221,0
DA:222,0
DA:223,0
DA:224,0
DA:227,0
DA:236,0
DA:237,0
DA:238,0
DA:248,0
DA:258,0
DA:274,0
DA:275,0
DA:276,0
DA:278,0
DA:279,0
DA:282,0
DA:283,0
DA:285,0
DA:286,0
DA:287,0
DA:300,0
DA:301,0
DA:302,0
DA:304,0
DA:305,0
DA:308,0
DA:309,0
DA:311,0
DA:312,0
DA:313,0
DA:328,0
DA:330,0
DA:333,0
DA:334,0
DA:335,0
DA:339,0
DA:340,0
DA:342,0
DA:348,0
DA:349,0
DA:358,0
DA:387,0
DA:388,0
DA:392,0
DA:393,0
LF:95
LH:0
BRDA:139,0,0,0
BRDA:139,0,1,0
BRDA:154,1,0,0
BRDA:154,1,1,0
BRDA:159,2,0,0
BRDA:159,2,1,0
BRDA:178,3,0,0
BRDA:178,3,1,0
BRDA:196,4,0,0
BRDA:196,4,1,0
BRDA:211,5,0,0
BRDA:211,5,1,0
BRDA:221,6,0,0
BRDA:221,6,1,0
BRDA:236,7,0,0
BRDA:236,7,1,0
BRDA:258,8,0,0
BRDA:258,8,1,0
BRDA:273,9,0,0
BRDA:274,10,0,0
BRDA:274,10,1,0
BRDA:275,11,0,0
BRDA:275,11,1,0
BRDA:299,12,0,0
BRDA:300,13,0,0
BRDA:300,13,1,0
BRDA:301,14,0,0
BRDA:301,14,1,0
BRDA:334,15,0,0
BRDA:334,15,1,0
BRDA:387,16,0,0
BRDA:387,16,1,0
BRDA:387,17,0,0
BRDA:387,17,1,0
BRDA:392,18,0,0
BRDA:392,18,1,0
BRF:36
BRH:0
end_of_record
TN:
SF:src/utils/health.js
FN:74,checkHealth
FN:114,checkDOMHealth
FN:124,(anonymous_2)
FN:154,checkAPIHealth
FN:171,(anonymous_4)
FN:202,checkStorageHealth
FN:240,checkFeatureHealth
FN:283,determineOverallStatus
FN:315,logHealthResults
FN:322,(anonymous_9)
FN:327,(anonymous_10)
FN:344,getLastHealthCheck
FN:357,startPeriodicHealthChecks
FN:364,(anonymous_13)
FN:365,(anonymous_14)
FN:374,stopPeriodicHealthChecks
FN:389,isPeriodicHealthChecksRunning
FN:405,notifyIssue
FN:427,notifyCriticalIssues
FN:449,notifyDegradedMode
FN:476,init
FN:515,cleanup
FNF:22
FNH:0
FNDA:0,checkHealth
FNDA:0,checkDOMHealth
FNDA:0,(anonymous_2)
FNDA:0,checkAPIHealth
FNDA:0,(anonymous_4)
FNDA:0,checkStorageHealth
FNDA:0,checkFeatureHealth
FNDA:0,determineOverallStatus
FNDA:0,logHealthResults
FNDA:0,(anonymous_9)
FNDA:0,(anonymous_10)
FNDA:0,getLastHealthCheck
FNDA:0,startPeriodicHealthChecks
FNDA:0,(anonymous_13)
FNDA:0,(anonymous_14)
FNDA:0,stopPeriodicHealthChecks
FNDA:0,isPeriodicHealthChecksRunning
FNDA:0,notifyIssue
FNDA:0,notifyCriticalIssues
FNDA:0,notifyDegradedMode
FNDA:0,init
FNDA:0,cleanup
DA:12,0
DA:33,0
DA:51,0
DA:57,0
DA:63,0
DA:75,0
DA:86,0
DA:89,0
DA:92,0
DA:95,0
DA:98,0
DA:101,0
DA:104,0
DA:106,0
DA:115,0
DA:122,0
DA:124,0
DA:125,0
DA:126,0
DA:127,0
DA:131,0
DA:136,0
DA:137,0
DA:138,0
DA:142,0
DA:143,0
DA:146,0
DA:155,0
DA:163,0
DA:171,0
DA:172,0
DA:177,0
DA:178,0
DA:179,0
DA:184,0
DA:189,0
DA:190,0
DA:191,0
DA:194,0
DA:203,0
DA:210,0
DA:212,0
DA:217,0
DA:218,0
DA:219,0
DA:222,0
DA:223,0
DA:224,0
DA:228,0
DA:229,0
DA:232,0
DA:241,0
DA:249,0
DA:254,0
DA:255,0
DA:256,0
DA:260,0
DA:265,0
DA:266,0
DA:267,0
DA:270,0
DA:284,0
DA:291,0
DA:292,0
DA:293,0
DA:294,0
DA:295,0
DA:296,0
DA:297,0
DA:299,0
DA:303,0
DA:316,0
DA:317,0
DA:318,0
DA:320,0
DA:321,0
DA:322,0
DA:325,0
DA:326,0
DA:327,0
DA:330,0
DA:331,0
DA:332,0
DA:333,0
DA:334,0
DA:345,0
DA:358,0
DA:359,0
DA:360,0
DA:363,0
DA:364,0
DA:365,0
DA:366,0
DA:375,0
DA:376,0
DA:379,0
DA:380,0
DA:381,0
DA:390,0
DA:406,0
DA:407,0
DA:408,0
DA:411,0
DA:413,0
DA:428,0
DA:429,0
DA:432,0
DA:436,0
DA:450,0
DA:451,0
DA:454,0
DA:458,0
DA:477,0
DA:478,0
DA:481,0
DA:484,0
DA:485,0
DA:489,0
DA:490,0
DA:494,0
DA:496,0
DA:497,0
DA:503,0
DA:504,0
DA:516,0
DA:517,0
DA:518,0
DA:522,0
DA:558,0
DA:559,0
DA:563,0
DA:564,0
LF:132
LH:0
BRDA:125,0,0,0
BRDA:125,0,1,0
BRDA:136,1,0,0
BRDA:136,1,1,0
BRDA:177,2,0,0
BRDA:177,2,1,0
BRDA:189,3,0,0
BRDA:189,3,1,0
BRDA:217,4,0,0
BRDA:217,4,1,0
BRDA:254,5,0,0
BRDA:254,5,1,0
BRDA:265,6,0,0
BRDA:265,6,1,0
BRDA:292,7,0,0
BRDA:292,7,1,0
BRDA:295,8,0,0
BRDA:295,8,1,0
BRDA:296,9,0,0
BRDA:296,9,1,0
BRDA:320,10,0,0
BRDA:320,10,1,0
BRDA:325,11,0,0
BRDA:325,11,1,0
BRDA:333,12,0,0
BRDA:333,12,1,0
BRDA:357,13,0,0
BRDA:358,14,0,0
BRDA:358,14,1,0
BRDA:375,15,0,0
BRDA:375,15,1,0
BRDA:405,16,0,0
BRDA:406,17,0,0
BRDA:406,17,1,0
BRDA:415,18,0,0
BRDA:415,18,1,0
BRDA:418,19,0,0
BRDA:418,19,1,0
BRDA:428,20,0,0
BRDA:428,20,1,0
BRDA:432,21,0,0
BRDA:432,21,1,0
BRDA:450,22,0,0
BRDA:450,22,1,0
BRDA:454,23,0,0
BRDA:454,23,1,0
BRDA:484,24,0,0
BRDA:484,24,1,0
BRDA:484,25,0,0
BRDA:484,25,1,0
BRDA:489,26,0,0
BRDA:489,26,1,0
BRDA:489,27,0,0
BRDA:489,27,1,0
BRDA:558,28,0,0
BRDA:558,28,1,0
BRDA:558,29,0,0
BRDA:558,29,1,0
BRDA:563,30,0,0
BRDA:563,30,1,0
BRF:60
BRH:0
end_of_record
TN:
SF:src/utils/logger.js
FN:60,setLogLevel
FN:75,getLogLevel
FN:84,isDebugEnabled
FN:93,isInfoEnabled
FN:102,isWarnEnabled
FN:121,addToBuffer
FN:144,pruneBuffer
FN:164,debug
FN:178,info
FN:192,warn
FN:207,error
FN:221,loadLogLevelFromSettings
FN:241,saveLogLevelToSettings
FN:263,getLogs
FN:270,clearLogs
FN:280,exportLogsAsJSON
FN:289,exportLogsAsText
FN:290,(anonymous_17)
FN:313,downloadLogs
FN:341,init
FNF:20
FNH:0
FNDA:0,setLogLevel
FNDA:0,getLogLevel
FNDA:0,isDebugEnabled
FNDA:0,isInfoEnabled
FNDA:0,isWarnEnabled
FNDA:0,addToBuffer
FNDA:0,pruneBuffer
FNDA:0,debug
FNDA:0,info
FNDA:0,warn
FNDA:0,error
FNDA:0,loadLogLevelFromSettings
FNDA:0,saveLogLevelToSettings
FNDA:0,getLogs
FNDA:0,clearLogs
FNDA:0,exportLogsAsJSON
FNDA:0,exportLogsAsText
FNDA:0,(anonymous_17)
FNDA:0,downloadLogs
FNDA:0,init
DA:12,0
DA:30,0
DA:36,0
DA:42,0
DA:48,0
DA:61,0
DA:62,0
DA:63,0
DA:66,0
DA:67,0
DA:76,0
DA:85,0
DA:94,0
DA:103,0
DA:122,0
DA:135,0
DA:138,0
DA:146,0
DA:147,0
DA:151,0
DA:152,0
DA:153,0
DA:154,0
DA:165,0
DA:166,0
DA:167,0
DA:168,0
DA:179,0
DA:180,0
DA:181,0
DA:182,0
DA:193,0
DA:194,0
DA:195,0
DA:196,0
DA:208,0
DA:209,0
DA:210,0
DA:222,0
DA:223,0
DA:224,0
DA:227,0
DA:228,0
DA:229,0
DA:232,0
DA:242,0
DA:243,0
DA:244,0
DA:247,0
DA:248,0
DA:250,0
DA:264,0
DA:271,0
DA:272,0
DA:281,0
DA:290,0
DA:291,0
DA:293,0
DA:294,0
DA:297,0
DA:298,0
DA:299,0
DA:300,0
DA:304,0
DA:314,0
DA:315,0
DA:316,0
DA:318,0
DA:319,0
DA:321,0
DA:322,0
DA:323,0
DA:324,0
DA:326,0
DA:327,0
DA:329,0
DA:342,0
DA:343,0
DA:347,0
DA:380,0
DA:381,0
DA:385,0
DA:386,0
LF:83
LH:0
BRDA:61,0,0,0
BRDA:61,0,1,0
BRDA:94,1,0,0
BRDA:94,1,1,0
BRDA:103,2,0,0
BRDA:103,2,1,0
BRDA:103,2,2,0
BRDA:121,3,0,0
BRDA:121,4,0,0
BRDA:127,5,0,0
BRDA:127,5,1,0
BRDA:152,6,0,0
BRDA:152,6,1,0
BRDA:164,7,0,0
BRDA:165,8,0,0
BRDA:165,8,1,0
BRDA:178,9,0,0
BRDA:179,10,0,0
BRDA:179,10,1,0
BRDA:192,11,0,0
BRDA:193,12,0,0
BRDA:193,12,1,0
BRDA:207,13,0,0
BRDA:207,14,0,0
BRDA:209,15,0,0
BRDA:209,15,1,0
BRDA:223,16,0,0
BRDA:223,16,1,0
BRDA:223,17,0,0
BRDA:223,17,1,0
BRDA:228,18,0,0
BRDA:228,18,1,0
BRDA:228,19,0,0
BRDA:228,19,1,0
BRDA:243,20,0,0
BRDA:243,20,1,0
BRDA:243,21,0,0
BRDA:243,21,1,0
BRDA:293,22,0,0
BRDA:293,22,1,0
BRDA:293,23,0,0
BRDA:293,23,1,0
BRDA:297,24,0,0
BRDA:297,24,1,0
BRDA:299,25,0,0
BRDA:299,25,1,0
BRDA:313,26,0,0
BRDA:315,27,0,0
BRDA:315,27,1,0
BRDA:318,28,0,0
BRDA:318,28,1,0
BRDA:380,29,0,0
BRDA:380,29,1,0
BRDA:380,30,0,0
BRDA:380,30,1,0
BRDA:385,31,0,0
BRDA:385,31,1,0
BRF:57
BRH:0
end_of_record
TN:
SF:src/utils/settings.js
FN:71,validateSetting
FN:81,(anonymous_1)
FN:118,validateSettings
FN:140,getSetting
FN:184,getAllSettings
FN:222,setSetting
FN:258,setMultipleSettings
FN:263,(anonymous_7)
FN:298,resetSetting
FN:311,resetAllSettings
FN:335,addToFilterHistory
FN:341,(anonymous_11)
FN:363,getFilterHistory
FN:372,clearFilterHistory
FN:386,onStorageChanged
FN:388,(anonymous_15)
FN:391,(anonymous_16)
FN:407,(anonymous_17)
FN:419,removeAllStorageListeners
FN:425,(anonymous_19)
FN:440,init
FN:454,clearCache
FN:462,resetModuleState
FNF:23
FNH:0
FNDA:0,validateSetting
FNDA:0,(anonymous_1)
FNDA:0,validateSettings
FNDA:0,getSetting
FNDA:0,getAllSettings
FNDA:0,setSetting
FNDA:0,setMultipleSettings
FNDA:0,(anonymous_7)
FNDA:0,resetSetting
FNDA:0,resetAllSettings
FNDA:0,addToFilterHistory
FNDA:0,(anonymous_11)
FNDA:0,getFilterHistory
FNDA:0,clearFilterHistory
FNDA:0,onStorageChanged
FNDA:0,(anonymous_15)
FNDA:0,(anonymous_16)
FNDA:0,(anonymous_17)
FNDA:0,removeAllStorageListeners
FNDA:0,(anonymous_19)
FNDA:0,init
FNDA:0,clearCache
FNDA:0,resetModuleState
DA:12,0
DA:52,0
DA:58,0
DA:72,0
DA:74,0
DA:77,0
DA:80,0
DA:81,0
DA:84,0
DA:87,0
DA:90,0
DA:93,0
DA:96,0
DA:99,0
DA:102,0
DA:105,0
DA:108,0
DA:119,0
DA:120,0
DA:121,0
DA:126,0
DA:141,0
DA:143,0
DA:144,0
DA:147,0
DA:148,0
DA:152,0
DA:155,0
DA:157,0
DA:159,0
DA:163,0
DA:164,0
DA:165,0
DA:169,0
DA:170,0
DA:172,0
DA:174,0
DA:175,0
DA:185,0
DA:186,0
DA:187,0
DA:191,0
DA:194,0
DA:197,0
DA:198,0
DA:199,0
DA:200,0
DA:201,0
DA:206,0
DA:208,0
DA:210,0
DA:211,0
DA:223,0
DA:225,0
DA:226,0
DA:227,0
DA:230,0
DA:232,0
DA:233,0
DA:234,0
DA:238,0
DA:241,0
DA:242,0
DA:244,0
DA:245,0
DA:247,0
DA:248,0
DA:259,0
DA:261,0
DA:262,0
DA:263,0
DA:265,0
DA:266,0
DA:267,0
DA:270,0
DA:272,0
DA:273,0
DA:274,0
DA:278,0
DA:281,0
DA:282,0
DA:284,0
DA:285,0
DA:287,0
DA:288,0
DA:299,0
DA:300,0
DA:302,0
DA:303,0
DA:312,0
DA:313,0
DA:314,0
DA:317,0
DA:318,0
DA:319,0
DA:321,0
DA:322,0
DA:336,0
DA:337,0
DA:338,0
DA:341,0
DA:344,0
DA:347,0
DA:348,0
DA:351,0
DA:353,0
DA:354,0
DA:364,0
DA:373,0
DA:387,0
DA:388,0
DA:391,0
DA:393,0
DA:394,0
DA:395,0
DA:396,0
DA:400,0
DA:403,0
DA:404,0
DA:407,0
DA:408,0
DA:409,0
DA:410,0
DA:411,0
DA:420,0
DA:421,0
DA:422,0
DA:425,0
DA:426,0
DA:429,0
DA:441,0
DA:442,0
DA:443,0
DA:444,0
DA:446,0
DA:455,0
DA:463,0
DA:464,0
DA:468,0
DA:502,0
DA:503,0
DA:507,0
DA:508,0
LF:143
LH:0
BRDA:72,0,0,0
BRDA:72,0,1,0
BRDA:72,0,2,0
BRDA:72,0,3,0
BRDA:72,0,4,0
BRDA:72,0,5,0
BRDA:72,0,6,0
BRDA:72,0,7,0
BRDA:72,0,8,0
BRDA:72,0,9,0
BRDA:72,0,10,0
BRDA:72,0,11,0
BRDA:80,1,0,0
BRDA:80,1,1,0
BRDA:96,2,0,0
BRDA:96,2,1,0
BRDA:96,2,2,0
BRDA:143,3,0,0
BRDA:143,3,1,0
BRDA:143,4,0,0
BRDA:143,4,1,0
BRDA:147,5,0,0
BRDA:147,5,1,0
BRDA:147,6,0,0
BRDA:147,6,1,0
BRDA:148,7,0,0
BRDA:148,7,1,0
BRDA:157,8,0,0
BRDA:157,8,1,0
BRDA:157,9,0,0
BRDA:157,9,1,0
BRDA:159,10,0,0
BRDA:159,10,1,0
BRDA:163,11,0,0
BRDA:163,11,1,0
BRDA:165,12,0,0
BRDA:165,12,1,0
BRDA:169,13,0,0
BRDA:169,13,1,0
BRDA:175,14,0,0
BRDA:175,14,1,0
BRDA:186,15,0,0
BRDA:186,15,1,0
BRDA:186,16,0,0
BRDA:186,16,1,0
BRDA:199,17,0,0
BRDA:199,17,1,0
BRDA:225,18,0,0
BRDA:225,18,1,0
BRDA:230,19,0,0
BRDA:230,19,1,0
BRDA:230,20,0,0
BRDA:230,20,1,0
BRDA:232,21,0,0
BRDA:232,21,1,0
BRDA:241,22,0,0
BRDA:241,22,1,0
BRDA:265,23,0,0
BRDA:265,23,1,0
BRDA:270,24,0,0
BRDA:270,24,1,0
BRDA:270,25,0,0
BRDA:270,25,1,0
BRDA:272,26,0,0
BRDA:272,26,1,0
BRDA:281,27,0,0
BRDA:281,27,1,0
BRDA:299,28,0,0
BRDA:299,28,1,0
BRDA:312,29,0,0
BRDA:312,29,1,0
BRDA:312,30,0,0
BRDA:312,30,1,0
BRDA:387,31,0,0
BRDA:387,31,1,0
BRDA:387,32,0,0
BRDA:387,32,1,0
BRDA:394,33,0,0
BRDA:394,33,1,0
BRDA:395,34,0,0
BRDA:395,34,1,0
BRDA:409,35,0,0
BRDA:409,35,1,0
BRDA:420,36,0,0
BRDA:420,36,1,0
BRDA:420,37,0,0
BRDA:420,37,1,0
BRDA:502,38,0,0
BRDA:502,38,1,0
BRDA:502,39,0,0
BRDA:502,39,1,0
BRDA:507,40,0,0
BRDA:507,40,1,0
BRF:93
BRH:0
end_of_record
TN:
SF:src/utils/version.js
FN:91,getThunderbirdVersion
FN:120,parseVersion
FN:122,(anonymous_2)
FN:151,compareVersions
FN:170,checkCompatibility
FN:209,getCompatibilityStatus
FN:228,enforceVersion
FN:276,getVersionCodePath
FN:305,detectFeatures
FN:330,isFeatureAvailable
FN:340,getCodePath
FN:356,checkAPIAvailable
FN:384,getAPIAvailability
FN:404,checkRequiredAPIs
FN:408,(anonymous_14)
FN:417,checkExperimentalAPI
FN:440,initVersionDetection
FNF:17
FNH:0
FNDA:0,getThunderbirdVersion
FNDA:0,parseVersion
FNDA:0,(anonymous_2)
FNDA:0,compareVersions
FNDA:0,checkCompatibility
FNDA:0,getCompatibilityStatus
FNDA:0,enforceVersion
FNDA:0,getVersionCodePath
FNDA:0,detectFeatures
FNDA:0,isFeatureAvailable
FNDA:0,getCodePath
FNDA:0,checkAPIAvailable
FNDA:0,getAPIAvailability
FNDA:0,checkRequiredAPIs
FNDA:0,(anonymous_14)
FNDA:0,checkExperimentalAPI
FNDA:0,initVersionDetection
DA:22,0
DA:56,0
DA:83,0
DA:92,0
DA:93,0
DA:96,0
DA:97,0
DA:98,0
DA:100,0
DA:101,0
DA:103,0
DA:104,0
DA:121,0
DA:122,0
DA:123,0
DA:125,0
DA:133,0
DA:134,0
DA:152,0
DA:153,0
DA:155,0
DA:156,0
DA:158,0
DA:159,0
DA:161,0
DA:171,0
DA:172,0
DA:176,0
DA:184,0
DA:185,0
DA:189,0
DA:197,0
DA:198,0
DA:201,0
DA:210,0
DA:211,0
DA:213,0
DA:229,0
DA:231,0
DA:233,0
DA:234,0
DA:235,0
DA:236,0
DA:243,0
DA:246,0
DA:247,0
DA:248,0
DA:249,0
DA:256,0
DA:259,0
DA:261,0
DA:264,0
DA:265,0
DA:277,0
DA:278,0
DA:279,0
DA:280,0
DA:281,0
DA:282,0
DA:284,0
DA:298,0
DA:306,0
DA:307,0
DA:310,0
DA:311,0
DA:320,0
DA:321,0
DA:331,0
DA:332,0
DA:341,0
DA:342,0
DA:357,0
DA:358,0
DA:359,0
DA:362,0
DA:363,0
DA:365,0
DA:366,0
DA:367,0
DA:369,0
DA:372,0
DA:374,0
DA:375,0
DA:385,0
DA:405,0
DA:406,0
DA:408,0
DA:418,0
DA:419,0
DA:425,0
DA:426,0
DA:441,0
DA:442,0
DA:443,0
DA:444,0
DA:445,0
DA:446,0
DA:448,0
DA:449,0
DA:450,0
DA:451,0
DA:452,0
DA:454,0
DA:462,0
DA:463,0
DA:471,0
DA:501,0
DA:502,0
DA:506,0
DA:507,0
LF:110
LH:0
BRDA:92,0,0,0
BRDA:92,0,1,0
BRDA:98,1,0,0
BRDA:98,1,1,0
BRDA:98,1,2,0
BRDA:122,2,0,0
BRDA:122,2,1,0
BRDA:123,3,0,0
BRDA:123,4,0,0
BRDA:123,5,0,0
BRDA:152,6,0,0
BRDA:152,6,1,0
BRDA:153,7,0,0
BRDA:153,7,1,0
BRDA:155,8,0,0
BRDA:155,8,1,0
BRDA:156,9,0,0
BRDA:156,9,1,0
BRDA:158,10,0,0
BRDA:158,10,1,0
BRDA:159,11,0,0
BRDA:159,11,1,0
BRDA:171,12,0,0
BRDA:171,12,1,0
BRDA:171,13,0,0
BRDA:171,13,1,0
BRDA:184,14,0,0
BRDA:184,14,1,0
BRDA:197,15,0,0
BRDA:197,15,1,0
BRDA:216,16,0,0
BRDA:216,16,1,0
BRDA:231,17,0,0
BRDA:231,17,1,0
BRDA:231,17,2,0
BRDA:231,17,3,0
BRDA:235,18,0,0
BRDA:235,18,1,0
BRDA:238,19,0,0
BRDA:238,19,1,0
BRDA:248,20,0,0
BRDA:248,20,1,0
BRDA:251,21,0,0
BRDA:251,21,1,0
BRDA:277,22,0,0
BRDA:277,22,1,0
BRDA:279,23,0,0
BRDA:279,23,1,0
BRDA:281,24,0,0
BRDA:281,24,1,0
BRDA:306,25,0,0
BRDA:306,25,1,0
BRDA:358,26,0,0
BRDA:358,26,1,0
BRDA:366,27,0,0
BRDA:366,27,1,0
BRDA:366,28,0,0
BRDA:366,28,1,0
BRDA:420,29,0,0
BRDA:420,29,1,0
BRDA:420,29,2,0
BRDA:501,30,0,0
BRDA:501,30,1,0
BRDA:501,31,0,0
BRDA:501,31,1,0
BRDA:506,32,0,0
BRDA:506,32,1,0
BRF:67
BRH:0
end_of_record
